2025-08-04 01:07:48,189 [INFO] WebApp:194 - Connection lost
2025-08-04 01:07:48,483 [INFO] WebApp:191 - Connection restablished
2025-08-04 01:07:54,613 [INFO] WebApp:194 - Connection lost
2025-08-04 01:07:54,808 [INFO] WebApp:191 - Connection restablished
2025-08-04 16:06:22,688 [INFO] MainUpdater:2872 - connection check result : 10
2025-08-04 16:06:22,689 [INFO] MainUpdater:2872 - connection check result : 10
2025-08-04 16:06:22,701 [ERROR] IocParser:57 - IOException caught: C:\Users\rntsa\STM32CubeIDE\workspace_1.19.0\usb_test\usb_test.ioc (The system cannot find the file specified)
2025-08-04 16:06:22,702 [ERROR] PeripheralListParser:95 - Something went wrong with ioc file reading: C:\Users\rntsa\STM32CubeIDE\workspace_1.19.0\usb_test\usb_test.ioc (The system cannot find the file specified)
2025-08-04 16:06:22,702 [ERROR] RegexParser:59 - Issue caught when parsing regex: C:\Users\rntsa\STM32CubeIDE\workspace_1.19.0\usb_test\usb_test.ioc (The system cannot find the file specified)
2025-08-04 16:06:22,724 [INFO] MicroXplorer:468 - Change Database Path : 
2025-08-04 16:06:22,724 [INFO] MicroXplorer:498 - Change Database Version : DB.6.0.150
2025-08-04 16:06:22,779 [ERROR] ProjectManagerView:395 - 
java.lang.NullPointerException: Cannot invoke "javax.swing.JTextField.getText()" because the return value of "java.util.List.get(int)" is null
	at com.st.microxplorer.plugins.projectmanager.gui.ProjectChoiceTab$9.caretUpdate(ProjectChoiceTab.java:2706) ~[filemanager.jar:?]
	at javax.swing.text.JTextComponent.fireCaretUpdate(JTextComponent.java:408) ~[?:?]
	at javax.swing.text.JTextComponent$MutableCaretEvent.fire(JTextComponent.java:4484) ~[?:?]
	at javax.swing.text.JTextComponent$MutableCaretEvent.stateChanged(JTextComponent.java:4506) ~[?:?]
	at javax.swing.text.DefaultCaret.fireStateChanged(DefaultCaret.java:857) ~[?:?]
	at javax.swing.text.DefaultCaret.changeCaretPosition(DefaultCaret.java:1343) ~[?:?]
	at javax.swing.text.DefaultCaret.handleSetDot(DefaultCaret.java:1242) ~[?:?]
	at javax.swing.text.DefaultCaret.setDot(DefaultCaret.java:1223) ~[?:?]
	at javax.swing.text.DefaultCaret$Handler.insertUpdate(DefaultCaret.java:1819) ~[?:?]
	at javax.swing.text.AbstractDocument.fireInsertUpdate(AbstractDocument.java:227) ~[?:?]
	at javax.swing.text.AbstractDocument.handleInsertString(AbstractDocument.java:781) ~[?:?]
	at javax.swing.text.AbstractDocument.insertString(AbstractDocument.java:740) ~[?:?]
	at javax.swing.text.PlainDocument.insertString(PlainDocument.java:131) ~[?:?]
	at javax.swing.text.AbstractDocument.replace(AbstractDocument.java:699) ~[?:?]
	at javax.swing.text.JTextComponent.setText(JTextComponent.java:1725) ~[?:?]
	at com.st.microxplorer.plugins.projectmanager.gui.ProjectChoiceTab.createHeapStackFields(ProjectChoiceTab.java:993) ~[filemanager.jar:?]
	at com.st.microxplorer.plugins.projectmanager.gui.ProjectChoiceTab.buildLinkSettingsPanel(ProjectChoiceTab.java:3813) ~[filemanager.jar:?]
	at com.st.microxplorer.plugins.projectmanager.gui.ProjectChoiceTab.defineWindowsFields(ProjectChoiceTab.java:1987) ~[filemanager.jar:?]
	at com.st.microxplorer.plugins.projectmanager.gui.ProjectChoiceTab.updateSettings(ProjectChoiceTab.java:558) ~[filemanager.jar:?]
	at com.st.microxplorer.plugins.projectmanager.gui.ProjectSettingsPanel.UpdateDialog(ProjectSettingsPanel.java:247) ~[filemanager.jar:?]
	at com.st.microxplorer.plugins.projectmanager.ProjectManagerView.propertyChange(ProjectManagerView.java:392) ~[filemanager.jar:?]
	at java.beans.PropertyChangeSupport.fire(PropertyChangeSupport.java:343) ~[?:?]
	at java.beans.PropertyChangeSupport.firePropertyChange(PropertyChangeSupport.java:335) ~[?:?]
	at java.beans.PropertyChangeSupport.firePropertyChange(PropertyChangeSupport.java:268) ~[?:?]
	at com.st.microxplorer.util.MXPropertyChangeSupport.firePropertyChange(MXPropertyChangeSupport.java:54) ~[STM32CubeMX.jar:?]
	at com.st.microxplorer.mxsystem.MxSystem.closeConfig(MxSystem.java:899) ~[STM32CubeMX.jar:?]
	at com.st.microxplorer.maingui.MainPanel.closeConfig(MainPanel.java:792) ~[STM32CubeMX.jar:?]
	at com.st.microxplorer.plugins.filemanager.engine.OpenFileManager.loadConfigurationFile(OpenFileManager.java:288) ~[filemanager.jar:?]
	at com.st.microxplorer.plugins.filemanager.engine.MainFileManager.userLoadConfig(MainFileManager.java:364) ~[filemanager.jar:?]
	at com.st.microxplorer.plugins.filemanager.engine.MainFileManager.userLoadConfig(MainFileManager.java:342) ~[filemanager.jar:?]
	at com.st.microxplorer.plugins.filemanager.FileManagerView.getSpecificTask(FileManagerView.java:264) ~[filemanager.jar:?]
	at com.st.stm32cube.common.mx.editor.CubeMxEditor.getMxTabbedPaneInstance(CubeMxEditor.java:1198) ~[com.st.stm32cube.common.mx_6.15.0.202507011659/:?]
	at com.st.stm32cube.common.mx.editor.CubeMxEditor$12$1.createSwingComponent(CubeMxEditor.java:1068) ~[com.st.stm32cube.common.mx_6.15.0.202507011659/:?]
	at com.st.stm32cube.common.mx.oss.core.awtswtbridge.EmbeddedSwingComposite.doComponentCreation(EmbeddedSwingComposite.java:492) ~[com.st.stm32cube.common.mx.oss_6.15.0.202507011659/:?]
	at com.st.stm32cube.common.mx.oss.core.awtswtbridge.EmbeddedSwingComposite$4.run(EmbeddedSwingComposite.java:291) ~[com.st.stm32cube.common.mx.oss_6.15.0.202507011659/:?]
	at com.st.stm32cube.common.mx.oss.core.awtswtbridge.AwtEnvironment$2.run(AwtEnvironment.java:166) ~[com.st.stm32cube.common.mx.oss_6.15.0.202507011659/:?]
	at java.awt.event.InvocationEvent.dispatch(InvocationEvent.java:318) ~[?:?]
	at java.awt.EventQueue.dispatchEventImpl(EventQueue.java:773) ~[?:?]
	at java.awt.EventQueue$4.run(EventQueue.java:720) ~[?:?]
	at java.awt.EventQueue$4.run(EventQueue.java:714) ~[?:?]
	at java.security.AccessController.doPrivileged(AccessController.java:400) ~[?:?]
	at java.security.ProtectionDomain$JavaSecurityAccessImpl.doIntersectionPrivilege(ProtectionDomain.java:87) ~[?:?]
	at java.awt.EventQueue.dispatchEvent(EventQueue.java:742) ~[?:?]
	at java.awt.EventDispatchThread.pumpOneEventForFilters(EventDispatchThread.java:203) ~[?:?]
	at java.awt.EventDispatchThread.pumpEventsForFilter(EventDispatchThread.java:124) ~[?:?]
	at java.awt.EventDispatchThread.pumpEventsForHierarchy(EventDispatchThread.java:113) ~[?:?]
	at java.awt.EventDispatchThread.pumpEvents(EventDispatchThread.java:109) ~[?:?]
	at java.awt.EventDispatchThread.pumpEvents(EventDispatchThread.java:101) ~[?:?]
	at java.awt.EventDispatchThread.run(EventDispatchThread.java:90) ~[?:?]
2025-08-04 16:06:22,783 [WARN] ThirdParty:871 - waiting for thirdparty lock release [close project]
2025-08-04 16:06:22,783 [INFO] ThirdParty:873 - entering critical section [close project]
2025-08-04 16:06:22,783 [INFO] ThirdParty:883 - exiting critical section [close project]
2025-08-04 16:06:22,788 [INFO] PinOutPanel:1589 - setPackage(No Configuration,No Configuration)
2025-08-04 16:06:22,810 [INFO] UtilMem:75 - Begin LoadConfig() Used Memory: 554756600 Bytes (1073741824)
2025-08-04 16:06:22,810 [INFO] MicroXplorer:468 - Change Database Path : 
2025-08-04 16:06:22,810 [INFO] MicroXplorer:498 - Change Database Version : DB.6.0.150
2025-08-04 16:06:22,810 [INFO] OpenFileManager:355 - Change cursor
2025-08-04 16:06:22,835 [INFO] RulesReader:64 - Compatibility file has been processed (317 Rules)
2025-08-04 16:06:22,838 [INFO] Mcu:2029 - Initializing MCU STM32F042K(4-6)Tx STM32F042K6Tx STM32F042K6T6
2025-08-04 16:06:23,566 [INFO] Context:786 - Trying to add GPIOservice into a context  which must be forbidden
2025-08-04 16:06:23,814 [INFO] ImportTextPane:234 - (OptionalMessage_ERROR) Pin9 (VP_RIF_VS_RIF1) cannot be retrieved for this MCU
2025-08-04 16:06:23,838 [INFO] RtosManager:558 - Registered RTOS mode: class=CMSIS, group=RTOS, mode=CMSIS_V1, owner=FREERTOS
2025-08-04 16:06:23,838 [INFO] RtosManager:558 - Registered RTOS mode: class=CMSIS, group=RTOS2, mode=CMSIS_V2, owner=FREERTOS
2025-08-04 16:06:23,838 [INFO] RtosManager:558 - Registered RTOS mode: class=RTOS, group=Core, mode=CMSIS_V1, owner=FREERTOS
2025-08-04 16:06:23,838 [INFO] RtosManager:558 - Registered RTOS mode: class=RTOS, group=Core, mode=CMSIS_V2, owner=FREERTOS
2025-08-04 16:06:23,838 [WARN] ModelIntegratedComponent:184 - Missing modes for component STMicroelectronics:FreeRTOS:0.0.1:STMicroelectronics:RTOS:FreeRTOS:Core:::10.2.0:
2025-08-04 16:06:23,857 [WARN] ModelIntegratedComponent:63 - No mode defined for component null
2025-08-04 16:06:23,857 [WARN] ModelIntegratedComponent:63 - No mode defined for component null
2025-08-04 16:06:23,857 [WARN] ModelIntegratedComponent:63 - No mode defined for component null
2025-08-04 16:06:23,857 [WARN] ModelIntegratedComponent:63 - No mode defined for component null
2025-08-04 16:06:23,857 [WARN] ModelIntegratedComponent:63 - No mode defined for component null
2025-08-04 16:06:23,857 [WARN] ModelIntegratedComponent:63 - No mode defined for component null
2025-08-04 16:06:23,857 [WARN] ModelIntegratedComponent:63 - No mode defined for component null
2025-08-04 16:06:23,857 [WARN] ModelIntegratedComponent:63 - No mode defined for component null
2025-08-04 16:06:23,858 [WARN] ModelIntegratedComponent:63 - No mode defined for component null
2025-08-04 16:06:23,858 [WARN] ModelIntegratedComponent:63 - No mode defined for component null
2025-08-04 16:06:23,858 [WARN] ModelIntegratedComponent:63 - No mode defined for component null
2025-08-04 16:06:23,858 [WARN] ModelIntegratedComponent:63 - No mode defined for component null
2025-08-04 16:06:23,858 [WARN] ModelIntegratedComponent:63 - No mode defined for component null
2025-08-04 16:06:23,858 [WARN] ModelIntegratedComponent:63 - No mode defined for component null
2025-08-04 16:06:23,858 [WARN] ModelIntegratedComponent:63 - No mode defined for component null
2025-08-04 16:06:23,858 [WARN] ModelIntegratedComponent:63 - No mode defined for component null
2025-08-04 16:06:23,858 [WARN] ModelIntegratedComponent:63 - No mode defined for component null
2025-08-04 16:06:23,858 [WARN] ModelIntegratedComponent:63 - No mode defined for component null
2025-08-04 16:06:23,858 [WARN] ModelIntegratedComponent:63 - No mode defined for component null
2025-08-04 16:06:23,858 [WARN] ModelIntegratedComponent:63 - No mode defined for component null
2025-08-04 16:06:23,858 [WARN] ModelIntegratedComponent:63 - No mode defined for component null
2025-08-04 16:06:23,858 [WARN] ModelIntegratedComponent:63 - No mode defined for component null
2025-08-04 16:06:23,858 [WARN] ModelIntegratedComponent:63 - No mode defined for component null
2025-08-04 16:06:23,858 [WARN] ModelIntegratedComponent:63 - No mode defined for component null
2025-08-04 16:06:23,858 [WARN] ModelIntegratedComponent:63 - No mode defined for component null
2025-08-04 16:06:23,858 [WARN] ModelIntegratedComponent:63 - No mode defined for component null
2025-08-04 16:06:23,858 [WARN] ModelIntegratedComponent:63 - No mode defined for component null
2025-08-04 16:06:23,858 [WARN] ModelIntegratedComponent:63 - No mode defined for component null
2025-08-04 16:06:23,858 [WARN] ModelIntegratedComponent:63 - No mode defined for component null
2025-08-04 16:06:23,858 [WARN] ModelIntegratedComponent:63 - No mode defined for component null
2025-08-04 16:06:23,858 [WARN] ModelIntegratedComponent:63 - No mode defined for component null
2025-08-04 16:06:23,858 [WARN] ModelIntegratedComponent:63 - No mode defined for component null
2025-08-04 16:06:23,858 [WARN] ModelIntegratedComponent:63 - No mode defined for component null
2025-08-04 16:06:23,858 [WARN] ModelIntegratedComponent:63 - No mode defined for component null
2025-08-04 16:06:23,858 [WARN] ModelIntegratedComponent:63 - No mode defined for component null
2025-08-04 16:06:23,858 [WARN] ModelPack:524 - Component already loaded: STMicroelectronics:HAL Drivers:0.0.0:STMicroelectronics:Device:STMicro_Driver:XSPI:HAL::0.0.1:HAL_XSPI
2025-08-04 16:06:24,065 [INFO] ThirdPartyModel:298 - Start build external matchings
2025-08-04 16:06:24,373 [INFO] ThirdPartyModel:316 - End build external matchings
2025-08-04 16:06:24,381 [INFO] ImportTextPane:234 - (OptionalMessage_ERROR) IP (RCC) : Invalid parameter (FamilyName)
2025-08-04 16:06:24,381 [INFO] ImportTextPane:234 - (OptionalMessage_ERROR) IP (RCC) : Invalid parameter (HSICECFreq_Value)
2025-08-04 16:06:24,547 [INFO] UtilMem:75 - End LoadConfig() Used Memory: 815522840 Bytes (1073741824)
2025-08-04 16:06:24,593 [WARN] ThirdParty:833 - waiting for thirdparty lock release [change project]
2025-08-04 16:06:24,593 [INFO] ThirdParty:835 - entering critical section [change project]
2025-08-04 16:06:24,593 [INFO] ThirdParty:1030 - CMSIS Pack Vendor :STMicroelectronics X-CUBE-PM33A1 1.0.0
2025-08-04 16:06:24,593 [INFO] ThirdParty:1030 - CMSIS Pack Vendor :STMicroelectronics USBPD 4.1
2025-08-04 16:06:24,593 [INFO] ThirdParty:1030 - CMSIS Pack Vendor :STMicroelectronics X-CUBE-NFC9 1.0.0
2025-08-04 16:06:24,593 [INFO] ThirdParty:1030 - CMSIS Pack Vendor :STMicroelectronics USB_HOST 2.0.0
2025-08-04 16:06:24,593 [INFO] ThirdParty:1030 - CMSIS Pack Vendor :STMicroelectronics FP-SNS-MOTENVWB1 1.4.0
2025-08-04 16:06:24,593 [INFO] ThirdParty:1030 - CMSIS Pack Vendor :STMicroelectronics X-CUBE-AZRTOS-F4 1.1.0
2025-08-04 16:06:24,593 [INFO] ThirdParty:1030 - CMSIS Pack Vendor :STMicroelectronics LIBJPEG 8.0.0
2025-08-04 16:06:24,593 [INFO] ThirdParty:1030 - CMSIS Pack Vendor :STMicroelectronics FP-ATR-ASTRA1 2.0.2
2025-08-04 16:06:24,593 [INFO] ThirdParty:1030 - CMSIS Pack Vendor :wolfSSL I-CUBE-wolfSSL 5.8.2
2025-08-04 16:06:24,593 [INFO] ThirdParty:1030 - CMSIS Pack Vendor :STMicroelectronics X-CUBE-BLE1 7.1.0
2025-08-04 16:06:24,593 [INFO] ThirdParty:1030 - CMSIS Pack Vendor :Avnet-IotConnect X-CUBE-IoTC-DA16k-PMOD 1.0.0
2025-08-04 16:06:24,593 [INFO] ThirdParty:1030 - CMSIS Pack Vendor :STMicroelectronics X-CUBE-SMBUS 2.1.0
2025-08-04 16:06:24,593 [INFO] ThirdParty:1030 - CMSIS Pack Vendor :wolfSSL I-CUBE-wolfMQTT 1.19.2
2025-08-04 16:06:24,593 [INFO] ThirdParty:1030 - CMSIS Pack Vendor :STMicroelectronics USB_DEVICE 3.0.0
2025-08-04 16:06:24,593 [INFO] ThirdParty:1030 - CMSIS Pack Vendor :STMicroelectronics X-CUBE-ISPU 2.1.0
2025-08-04 16:06:24,593 [INFO] ThirdParty:1030 - CMSIS Pack Vendor :STMicroelectronics X-CUBE-EEPRMA1 5.2.0
2025-08-04 16:06:24,593 [INFO] ThirdParty:1030 - CMSIS Pack Vendor :STMicroelectronics X-CUBE-BLEMGR 4.1.0
2025-08-04 16:06:24,593 [INFO] ThirdParty:1030 - CMSIS Pack Vendor :STMicroelectronics X-CUBE-AZRTOS-WB 2.0.0
2025-08-04 16:06:24,593 [INFO] ThirdParty:1030 - CMSIS Pack Vendor :STMicroelectronics X-CUBE-ST60 1.0.0
2025-08-04 16:06:24,593 [INFO] ThirdParty:1030 - CMSIS Pack Vendor :STMicroelectronics X-CUBE-GNSS1 7.0.1
2025-08-04 16:06:24,594 [INFO] ThirdParty:1030 - CMSIS Pack Vendor :STMicroelectronics X-CUBE-NFC12 1.0.0
2025-08-04 16:06:24,594 [INFO] ThirdParty:1030 - CMSIS Pack Vendor :STMicroelectronics X-CUBE-AZRTOS-F7 1.1.0
2025-08-04 16:06:24,594 [INFO] ThirdParty:1030 - CMSIS Pack Vendor :STMicroelectronics X-CUBE-AZRTOS-L5 2.0.0
2025-08-04 16:06:24,594 [INFO] ThirdParty:1030 - CMSIS Pack Vendor :STMicroelectronics X-CUBE-TOUCHGFX 4.25.0
2025-08-04 16:06:24,594 [INFO] ThirdParty:1030 - CMSIS Pack Vendor :STMicroelectronics USB_DEVICE 2.0.0
2025-08-04 16:06:24,594 [INFO] ThirdParty:1030 - CMSIS Pack Vendor :STMicroelectronics X-CUBE-NFC6 3.1.0
2025-08-04 16:06:24,594 [INFO] ThirdParty:1030 - CMSIS Pack Vendor :STMicroelectronics X-CUBE-AI 10.1.0
2025-08-04 16:06:24,594 [INFO] ThirdParty:1030 - CMSIS Pack Vendor :quantropi X-CUBE-qispace-sdk-base 2.1.0
2025-08-04 16:06:24,594 [INFO] ThirdParty:1030 - CMSIS Pack Vendor :STMicroelectronics FreeRTOS 0.0.1
2025-08-04 16:06:24,594 [INFO] ThirdParty:1030 - CMSIS Pack Vendor :STMicroelectronics X-CUBE-AZRTOS-G0 1.1.0
2025-08-04 16:06:24,594 [INFO] ThirdParty:1030 - CMSIS Pack Vendor :STMicroelectronics X-CUBE-SAFEA1 1.2.2
2025-08-04 16:06:24,594 [INFO] ThirdParty:1030 - CMSIS Pack Vendor :STMicroelectronics X-CUBE-NFC4 3.0.0
2025-08-04 16:06:24,594 [INFO] ThirdParty:1030 - CMSIS Pack Vendor :STMicroelectronics X-CUBE-SUBG2 5.0.0
2025-08-04 16:06:24,594 [INFO] ThirdParty:1030 - CMSIS Pack Vendor :STMicroelectronics X-CUBE-AZRTOS-H7RS 1.1.0
2025-08-04 16:06:24,594 [INFO] ThirdParty:1030 - CMSIS Pack Vendor :STMicroelectronics STM32_WPAN 1.0.0
2025-08-04 16:06:24,594 [INFO] ThirdParty:1030 - CMSIS Pack Vendor :EmbeddedOffice I-CUBE-FS-RTOS 1.0.1
2025-08-04 16:06:24,594 [INFO] ThirdParty:1030 - CMSIS Pack Vendor :STMicroelectronics lwIP 2.0.3
2025-08-04 16:06:24,594 [INFO] ThirdParty:1030 - CMSIS Pack Vendor :Cesanta I-CUBE-Mongoose 7.13.0
2025-08-04 16:06:24,594 [INFO] ThirdParty:1030 - CMSIS Pack Vendor :STMicroelectronics USB_HOST 1.0.0
2025-08-04 16:06:24,594 [INFO] ThirdParty:1030 - CMSIS Pack Vendor :Infineon AIROC-Wi-Fi-Bluetooth-STM32 1.7.1
2025-08-04 16:06:24,594 [INFO] ThirdParty:1030 - CMSIS Pack Vendor :STMicroelectronics X-CUBE-AZRTOS-G4 2.0.0
2025-08-04 16:06:24,594 [INFO] ThirdParty:1030 - CMSIS Pack Vendor :STMicroelectronics X-CUBE-WB05N 2.0.0
2025-08-04 16:06:24,594 [INFO] ThirdParty:1030 - CMSIS Pack Vendor :STMicroelectronics PDM2PCM 3.1.0
2025-08-04 16:06:24,594 [INFO] ThirdParty:1030 - CMSIS Pack Vendor :STMicroelectronics PDM2PCM 3.3.0
2025-08-04 16:06:24,594 [INFO] ThirdParty:1030 - CMSIS Pack Vendor :wolfSSL I-CUBE-wolfTPM 3.8.0
2025-08-04 16:06:24,594 [INFO] ThirdParty:1030 - CMSIS Pack Vendor :STMicroelectronics X-CUBE-AZRTOS-H7 3.4.0
2025-08-04 16:06:24,594 [INFO] ThirdParty:1030 - CMSIS Pack Vendor :STMicroelectronics X-CUBE-DISPLAY 3.0.0
2025-08-04 16:06:24,594 [INFO] ThirdParty:1030 - CMSIS Pack Vendor :wolfSSL I-CUBE-wolfSSH 1.4.20
2025-08-04 16:06:24,594 [INFO] ThirdParty:1030 - CMSIS Pack Vendor :STMicroelectronics X-CUBE-NFC7 2.0.0
2025-08-04 16:06:24,594 [INFO] ThirdParty:1030 - CMSIS Pack Vendor :STMicroelectronics X-CUBE-TCPP 4.2.0
2025-08-04 16:06:24,594 [INFO] ThirdParty:1030 - CMSIS Pack Vendor :RealThread X-CUBE-RT-Thread_Nano 4.1.1
2025-08-04 16:06:24,594 [INFO] ThirdParty:1030 - CMSIS Pack Vendor :STMicroelectronics FP-ATR-SIGFOX1 3.2.0
2025-08-04 16:06:24,594 [INFO] ThirdParty:1030 - CMSIS Pack Vendor :STMicroelectronics X-CUBE-NFC10 1.0.0
2025-08-04 16:06:24,594 [INFO] ThirdParty:1030 - CMSIS Pack Vendor :STMicroelectronics X-CUBE-FREERTOS 1.3.1
2025-08-04 16:06:24,594 [INFO] ThirdParty:1030 - CMSIS Pack Vendor :STMicroelectronics HAL Drivers 0.0.0
2025-08-04 16:06:24,594 [INFO] ThirdParty:1030 - CMSIS Pack Vendor :STMicroelectronics MBEDTLS 2.16.2
2025-08-04 16:06:24,594 [INFO] ThirdParty:1030 - CMSIS Pack Vendor :STMicroelectronics X-CUBE-IPS 3.1.0
2025-08-04 16:06:24,594 [INFO] ThirdParty:1030 - CMSIS Pack Vendor :STMicroelectronics X-CUBE-ALS 1.0.2
2025-08-04 16:06:24,594 [INFO] ThirdParty:1030 - CMSIS Pack Vendor :emotas I-CUBE-CANOPEN 1.3.0
2025-08-04 16:06:24,594 [INFO] ThirdParty:1030 - CMSIS Pack Vendor :STMicroelectronics MBEDTLS 2.14.1
2025-08-04 16:06:24,594 [INFO] ThirdParty:1030 - CMSIS Pack Vendor :ITTIA_DB I-CUBE-ITTIADB 8.9.0
2025-08-04 16:06:24,594 [INFO] ThirdParty:1030 - CMSIS Pack Vendor :portGmbH I-Cube-SoM-uGOAL 1.1.0
2025-08-04 16:06:24,594 [INFO] ThirdParty:1030 - CMSIS Pack Vendor :STMicroelectronics X-CUBE-ST67W61 1.0.0
2025-08-04 16:06:24,594 [INFO] ThirdParty:1030 - CMSIS Pack Vendor :STMicroelectronics FP-SNS-STBOX1 2.1.0
2025-08-04 16:06:24,594 [INFO] ThirdParty:1030 - CMSIS Pack Vendor :STMicroelectronics FP-SNS-STAIOTCFT 1.0.0
2025-08-04 16:06:24,594 [INFO] ThirdParty:1030 - CMSIS Pack Vendor :STMicroelectronics ThreadX 1.0.0
2025-08-04 16:06:24,594 [INFO] ThirdParty:1030 - CMSIS Pack Vendor :STMicroelectronics FP-SNS-SMARTAG2 1.2.0
2025-08-04 16:06:24,594 [INFO] ThirdParty:1030 - CMSIS Pack Vendor :STMicroelectronics FP-SNS-FLIGHT1 5.1.0
2025-08-04 16:06:24,594 [INFO] ThirdParty:1030 - CMSIS Pack Vendor :STMicroelectronics X-CUBE-AZRTOS-WL 2.0.0
2025-08-04 16:06:24,594 [INFO] ThirdParty:1030 - CMSIS Pack Vendor :SEGGER I-CUBE-embOS 1.3.1
2025-08-04 16:06:24,594 [INFO] ThirdParty:1030 - CMSIS Pack Vendor :STMicroelectronics X-CUBE-ALGOBUILD 1.4.0
2025-08-04 16:06:24,594 [INFO] ThirdParty:1030 - CMSIS Pack Vendor :STMicroelectronics X-CUBE-DPower 1.3.0
2025-08-04 16:06:24,594 [INFO] ThirdParty:1030 - CMSIS Pack Vendor :STMicroelectronics X-CUBE-MEMS1 11.3.0
2025-08-04 16:06:24,594 [INFO] ThirdParty:1030 - CMSIS Pack Vendor :STMicroelectronics FP-SNS-MOTENV1 5.0.0
2025-08-04 16:06:24,594 [INFO] ThirdParty:1030 - CMSIS Pack Vendor :STMicroelectronics USB_DEVICE 1.0.0
2025-08-04 16:06:24,594 [INFO] ThirdParty:1030 - CMSIS Pack Vendor :STMicroelectronics X-CUBE-AZRTOS-L4 2.0.0
2025-08-04 16:06:24,594 [INFO] ThirdParty:1030 - CMSIS Pack Vendor :STMicroelectronics ThreadX 0.0.2
2025-08-04 16:06:24,594 [INFO] ThirdParty:1030 - CMSIS Pack Vendor :WES I-CUBE-Cesium 1.3.0
2025-08-04 16:06:24,594 [INFO] ThirdParty:1030 - CMSIS Pack Vendor :STMicroelectronics lwIP 2.1.2
2025-08-04 16:06:24,594 [INFO] ThirdParty:1030 - CMSIS Pack Vendor :STMicroelectronics X-CUBE-SFXS2LP1 4.0.0
2025-08-04 16:06:24,594 [INFO] ThirdParty:1030 - CMSIS Pack Vendor :STMicroelectronics X-CUBE-BLE2 3.3.0
2025-08-04 16:06:24,594 [INFO] ThirdParty:1030 - CMSIS Pack Vendor :STMicroelectronics X-CUBE-TOF1 3.4.3
2025-08-04 16:06:24,594 [INFO] ThirdParty:1030 - CMSIS Pack Vendor :STMicroelectronics PDM2PCM 3.2.0
2025-08-04 16:06:24,594 [INFO] ThirdParty:841 - exiting critical section [change project]
2025-08-04 16:06:24,714 [INFO] PinOutPanel:1589 - setPackage(No Configuration,No Configuration)
2025-08-04 16:06:24,715 [INFO] PinOutPanel:1589 - setPackage(STM32F042K6Tx,LQFP32)
2025-08-04 16:06:25,249 [INFO] UtilMem:75 - Before build in PCC Used Memory: 943772576 Bytes (1073741824)
2025-08-04 16:06:25,426 [INFO] UtilMem:75 - After build in PCC Used Memory: 989926824 Bytes (1073741824)
2025-08-04 16:06:25,432 [INFO] ApiDbMcu:532 - Load IP Config File for USB_DEVICE
2025-08-04 16:06:25,451 [INFO] IPUIPlugin:80 - create IPUIPlugin
2025-08-04 16:06:25,451 [INFO] IPUIPlugin:80 - create IPUIPlugin
2025-08-04 16:06:25,451 [INFO] IPUIPlugin:80 - create IPUIPlugin
2025-08-04 16:06:25,451 [INFO] IPUIPlugin:80 - create IPUIPlugin
2025-08-04 16:06:25,452 [INFO] IPUIPlugin:80 - create IPUIPlugin
2025-08-04 16:06:25,452 [INFO] IPUIPlugin:80 - create IPUIPlugin
2025-08-04 16:06:25,452 [INFO] IPUIPlugin:80 - create IPUIPlugin
2025-08-04 16:06:25,452 [INFO] IPUIPlugin:80 - create IPUIPlugin
2025-08-04 16:06:25,452 [INFO] IPUIPlugin:80 - create IPUIPlugin
2025-08-04 16:06:25,452 [INFO] IPUIPlugin:80 - create IPUIPlugin
2025-08-04 16:06:25,452 [INFO] IPUIPlugin:80 - create IPUIPlugin
2025-08-04 16:06:25,452 [INFO] IPUIPlugin:80 - create IPUIPlugin
2025-08-04 16:06:25,452 [INFO] IPUIPlugin:80 - create IPUIPlugin
2025-08-04 16:06:25,452 [INFO] IPUIPlugin:80 - create IPUIPlugin
2025-08-04 16:06:25,452 [INFO] IPUIPlugin:80 - create IPUIPlugin
2025-08-04 16:06:25,452 [INFO] IPUIPlugin:80 - create IPUIPlugin
2025-08-04 16:06:25,452 [INFO] IPUIPlugin:80 - create IPUIPlugin
2025-08-04 16:06:25,452 [INFO] IPUIPlugin:80 - create IPUIPlugin
2025-08-04 16:06:25,452 [INFO] IPUIPlugin:80 - create IPUIPlugin
2025-08-04 16:06:25,452 [INFO] IPUIPlugin:80 - create IPUIPlugin
2025-08-04 16:06:25,452 [INFO] IPUIPlugin:80 - create IPUIPlugin
2025-08-04 16:06:25,453 [INFO] IPUIPlugin:80 - create IPUIPlugin
2025-08-04 16:06:25,453 [INFO] IPUIPlugin:80 - create IPUIPlugin
2025-08-04 16:06:25,453 [INFO] IPUIPlugin:80 - create IPUIPlugin
2025-08-04 16:06:25,453 [INFO] IPUIPlugin:80 - create IPUIPlugin
2025-08-04 16:06:25,453 [INFO] IPUIPlugin:80 - create IPUIPlugin
2025-08-04 16:06:25,453 [INFO] IPUIPlugin:80 - create IPUIPlugin
2025-08-04 16:06:25,453 [INFO] IPUIPlugin:80 - create IPUIPlugin
2025-08-04 16:06:25,453 [INFO] IPUIPlugin:80 - create IPUIPlugin
2025-08-04 16:06:25,453 [INFO] IPUIPlugin:80 - create IPUIPlugin
2025-08-04 16:06:25,499 [INFO] CADModel:165 - CPN selected for project levelSTM32F042K6T6
2025-08-04 16:06:25,499 [INFO] CADModel:114 - Register for checkConnection events
2025-08-04 16:06:25,562 [INFO] OpenFileManager:386 - Restore cursor
2025-08-04 16:07:02,994 [INFO] UtilMem:75 - End SaveConfig() Used Memory: 955596920 Bytes (1073741824)
2025-08-04 16:07:03,980 [INFO] UtilMem:75 - End SaveConfig() Used Memory: 976521232 Bytes (1073741824)
2025-08-04 16:07:04,355 [INFO] UtilMem:75 - End SaveConfig() Used Memory: 524460120 Bytes (1073741824)
2025-08-04 16:07:04,636 [INFO] BlockDiagram:2775 - set Specific Code input for plugin: NVIC
2025-08-04 16:07:04,636 [INFO] BlockDiagram:2775 - set Specific Code input for plugin: USART
2025-08-04 16:07:04,636 [INFO] BlockDiagram:2775 - set Specific Code input for plugin: USB_DEVICE
2025-08-04 16:07:04,636 [INFO] BlockDiagram:2775 - set Specific Code input for plugin: USB
2025-08-04 16:07:04,636 [INFO] BlockDiagram:2775 - set Specific Code input for plugin: SYS
2025-08-04 16:07:04,636 [INFO] BlockDiagram:2775 - set Specific Code input for plugin: GPIO
2025-08-04 16:07:04,636 [INFO] BlockDiagram:2775 - set Specific Code input for plugin: RCC
2025-08-04 16:07:04,637 [INFO] CodeGenerator:892 - code generatio: config db path: C:\ST\STM32CubeIDE_1.19.0\STM32CubeIDE\plugins\com.st.stm32cube.common.mx_6.15.0.202507011659\\db\
2025-08-04 16:07:04,688 [INFO] CodeEngine:265 - oldGeneratedFile, C:\Users\rntsa\STM32CubeIDE\workspace_1.19.0\usb_ds5_test\MXTmpFiles\license.tmp_save
2025-08-04 16:07:04,895 [INFO] CodeEngine:289 - Generated code: C:\Users\rntsa\STM32CubeIDE\workspace_1.19.0\usb_ds5_test\MXTmpFiles\license.tmp
2025-08-04 16:07:04,916 [INFO] CodeEngine:265 - oldGeneratedFile, C:\Users\rntsa\STM32CubeIDE\workspace_1.19.0\usb_ds5_test\MXTmpFiles\gpio.tmp_save
2025-08-04 16:07:05,059 [INFO] CodeEngine:289 - Generated code: C:\Users\rntsa\STM32CubeIDE\workspace_1.19.0\usb_ds5_test\MXTmpFiles\gpio.tmp
2025-08-04 16:07:05,084 [INFO] CodeEngine:265 - oldGeneratedFile, C:\Users\rntsa\STM32CubeIDE\workspace_1.19.0\usb_ds5_test\MXTmpFiles\usb_vars.tmp_save
2025-08-04 16:07:05,165 [INFO] CodeEngine:289 - Generated code: C:\Users\rntsa\STM32CubeIDE\workspace_1.19.0\usb_ds5_test\MXTmpFiles\usb_vars.tmp
2025-08-04 16:07:05,168 [INFO] CodeEngine:265 - oldGeneratedFile, C:\Users\rntsa\STM32CubeIDE\workspace_1.19.0\usb_ds5_test\MXTmpFiles\usb_inc.tmp_save
2025-08-04 16:07:05,242 [INFO] CodeEngine:289 - Generated code: C:\Users\rntsa\STM32CubeIDE\workspace_1.19.0\usb_ds5_test\MXTmpFiles\usb_inc.tmp
2025-08-04 16:07:05,245 [INFO] CodeEngine:265 - oldGeneratedFile, C:\Users\rntsa\STM32CubeIDE\workspace_1.19.0\usb_ds5_test\MXTmpFiles\usb_HalInit.tmp_save
2025-08-04 16:07:05,341 [INFO] CodeEngine:289 - Generated code: C:\Users\rntsa\STM32CubeIDE\workspace_1.19.0\usb_ds5_test\MXTmpFiles\usb_HalInit.tmp
2025-08-04 16:07:05,345 [INFO] CodeEngine:265 - oldGeneratedFile, C:\Users\rntsa\STM32CubeIDE\workspace_1.19.0\usb_ds5_test\MXTmpFiles\usb_Msp.tmp_save
2025-08-04 16:07:05,445 [INFO] CodeEngine:289 - Generated code: C:\Users\rntsa\STM32CubeIDE\workspace_1.19.0\usb_ds5_test\MXTmpFiles\usb_Msp.tmp
2025-08-04 16:07:05,483 [INFO] Middleware:1452 - No code input for Bsp Dependency
2025-08-04 16:07:05,487 [INFO] Middleware:1452 - No code input for Bsp Dependency
2025-08-04 16:07:05,493 [INFO] CodeEngine:265 - oldGeneratedFile, C:\Users\rntsa\STM32CubeIDE\workspace_1.19.0\usb_ds5_test\USB_DEVICE\App\usb_device.c_save
2025-08-04 16:07:05,554 [INFO] CodeEngine:289 - Generated code: C:\Users\rntsa\STM32CubeIDE\workspace_1.19.0\usb_ds5_test\USB_DEVICE\App\usb_device.c
2025-08-04 16:07:05,557 [INFO] CodeEngine:265 - oldGeneratedFile, C:\Users\rntsa\STM32CubeIDE\workspace_1.19.0\usb_ds5_test\USB_DEVICE\App\usb_device.h_save
2025-08-04 16:07:05,611 [INFO] CodeEngine:289 - Generated code: C:\Users\rntsa\STM32CubeIDE\workspace_1.19.0\usb_ds5_test\USB_DEVICE\App\usb_device.h
2025-08-04 16:07:05,615 [INFO] CodeEngine:265 - oldGeneratedFile, C:\Users\rntsa\STM32CubeIDE\workspace_1.19.0\usb_ds5_test\USB_DEVICE\Target\usbd_conf.h_save
2025-08-04 16:07:05,661 [INFO] CodeEngine:289 - Generated code: C:\Users\rntsa\STM32CubeIDE\workspace_1.19.0\usb_ds5_test\USB_DEVICE\Target\usbd_conf.h
2025-08-04 16:07:05,665 [INFO] CodeEngine:265 - oldGeneratedFile, C:\Users\rntsa\STM32CubeIDE\workspace_1.19.0\usb_ds5_test\USB_DEVICE\Target\usbd_conf.c_save
2025-08-04 16:07:05,714 [INFO] CodeEngine:289 - Generated code: C:\Users\rntsa\STM32CubeIDE\workspace_1.19.0\usb_ds5_test\USB_DEVICE\Target\usbd_conf.c
2025-08-04 16:07:05,718 [INFO] CodeEngine:265 - oldGeneratedFile, C:\Users\rntsa\STM32CubeIDE\workspace_1.19.0\usb_ds5_test\USB_DEVICE\App\usbd_desc.h_save
2025-08-04 16:07:05,760 [INFO] CodeEngine:289 - Generated code: C:\Users\rntsa\STM32CubeIDE\workspace_1.19.0\usb_ds5_test\USB_DEVICE\App\usbd_desc.h
2025-08-04 16:07:05,764 [INFO] CodeEngine:265 - oldGeneratedFile, C:\Users\rntsa\STM32CubeIDE\workspace_1.19.0\usb_ds5_test\USB_DEVICE\App\usbd_desc.c_save
2025-08-04 16:07:05,811 [INFO] CodeEngine:289 - Generated code: C:\Users\rntsa\STM32CubeIDE\workspace_1.19.0\usb_ds5_test\USB_DEVICE\App\usbd_desc.c
2025-08-04 16:07:05,818 [INFO] CodeEngine:265 - oldGeneratedFile, C:\Users\rntsa\STM32CubeIDE\workspace_1.19.0\usb_ds5_test\Core\Src\stm32f0xx_it.c_save
2025-08-04 16:07:05,911 [INFO] CodeEngine:289 - Generated code: C:\Users\rntsa\STM32CubeIDE\workspace_1.19.0\usb_ds5_test\Core\Src\stm32f0xx_it.c
2025-08-04 16:07:05,915 [INFO] CodeEngine:265 - oldGeneratedFile, C:\Users\rntsa\STM32CubeIDE\workspace_1.19.0\usb_ds5_test\Core\Inc\stm32f0xx_it.h_save
2025-08-04 16:07:05,953 [INFO] CodeEngine:289 - Generated code: C:\Users\rntsa\STM32CubeIDE\workspace_1.19.0\usb_ds5_test\Core\Inc\stm32f0xx_it.h
2025-08-04 16:07:05,963 [INFO] CodeEngine:265 - oldGeneratedFile, C:\Users\rntsa\STM32CubeIDE\workspace_1.19.0\usb_ds5_test\Core\Src\stm32f0xx_hal_msp.c_save
2025-08-04 16:07:06,020 [INFO] CodeEngine:289 - Generated code: C:\Users\rntsa\STM32CubeIDE\workspace_1.19.0\usb_ds5_test\Core\Src\stm32f0xx_hal_msp.c
2025-08-04 16:07:06,023 [INFO] CodeEngine:265 - oldGeneratedFile, C:\Users\rntsa\STM32CubeIDE\workspace_1.19.0\usb_ds5_test\MXTmpFiles\system.tmp_save
2025-08-04 16:07:06,061 [INFO] CodeEngine:289 - Generated code: C:\Users\rntsa\STM32CubeIDE\workspace_1.19.0\usb_ds5_test\MXTmpFiles\system.tmp
2025-08-04 16:07:06,067 [INFO] CodeEngine:321 - oldGeneratedFile, C:\Users\rntsa\STM32CubeIDE\workspace_1.19.0\usb_ds5_test\Core\Inc\stm32f0xx_hal_conf.h_save
2025-08-04 16:07:06,105 [INFO] CodeEngine:345 - Generated code: C:\Users\rntsa\STM32CubeIDE\workspace_1.19.0\usb_ds5_test\Core\Inc\stm32f0xx_hal_conf.h
2025-08-04 16:07:06,117 [INFO] ApiDbMcu:532 - Load IP Config File for USART2
2025-08-04 16:07:06,118 [INFO] ApiDbMcu:532 - Load IP Config File for RCC
2025-08-04 16:07:06,124 [INFO] CodeEngine:265 - oldGeneratedFile, C:\Users\rntsa\STM32CubeIDE\workspace_1.19.0\usb_ds5_test\Core\Inc\main.h_save
2025-08-04 16:07:06,174 [INFO] CodeEngine:289 - Generated code: C:\Users\rntsa\STM32CubeIDE\workspace_1.19.0\usb_ds5_test\Core\Inc\main.h
2025-08-04 16:07:06,178 [INFO] CodeEngine:265 - oldGeneratedFile, C:\Users\rntsa\STM32CubeIDE\workspace_1.19.0\usb_ds5_test\Core\Src\main.c_save
2025-08-04 16:07:06,235 [INFO] CodeEngine:289 - Generated code: C:\Users\rntsa\STM32CubeIDE\workspace_1.19.0\usb_ds5_test\Core\Src\main.c
2025-08-04 16:07:06,467 [INFO] ProjectBuilder:3606 - Time for Copy HAL[1] : 135mS.
2025-08-04 16:07:06,471 [INFO] ProjectBuilder:5216 - Project Generator version: 4.7.0-B52
2025-08-04 16:07:06,519 [INFO] ConfigFileManager:1595 - The Die is : DIE445
2025-08-04 16:07:06,522 [INFO] ApiDbMcu:532 - Load IP Config File for FATFS
2025-08-04 16:07:06,525 [INFO] ApiDbMcu:532 - Load IP Config File for FREERTOS
2025-08-04 16:07:06,531 [INFO] ApiDbMcu:532 - Load IP Config File for TOUCHSENSING
2025-08-04 16:07:06,948 [INFO] ProjectBuilder:5496 - Time for Generating toolchain IDE Files: 478mS.
2025-08-04 16:07:06,949 [INFO] ProjectBuilder:3463 - Time for Copy CMSIS : 0mS.
2025-08-04 16:07:06,951 [INFO] ProjectBuilder:3463 - Time for Copy CMSIS : 0mS.
2025-08-04 16:19:21,087 [INFO] MainUpdater:2872 - connection check result : 10
2025-08-04 16:19:21,087 [INFO] MainUpdater:2872 - connection check result : 10
2025-08-04 16:19:21,112 [INFO] MicroXplorer:468 - Change Database Path : 
2025-08-04 16:19:21,112 [INFO] MicroXplorer:498 - Change Database Version : DB.6.0.150
2025-08-04 16:19:21,121 [ERROR] ProjectManagerView:395 - 
java.lang.NullPointerException: Cannot invoke "javax.swing.JTextField.getText()" because the return value of "java.util.List.get(int)" is null
	at com.st.microxplorer.plugins.projectmanager.gui.ProjectChoiceTab$9.caretUpdate(ProjectChoiceTab.java:2706) ~[filemanager.jar:?]
	at javax.swing.text.JTextComponent.fireCaretUpdate(JTextComponent.java:408) ~[?:?]
	at javax.swing.text.JTextComponent$MutableCaretEvent.fire(JTextComponent.java:4484) ~[?:?]
	at javax.swing.text.JTextComponent$MutableCaretEvent.stateChanged(JTextComponent.java:4506) ~[?:?]
	at javax.swing.text.DefaultCaret.fireStateChanged(DefaultCaret.java:857) ~[?:?]
	at javax.swing.text.DefaultCaret.changeCaretPosition(DefaultCaret.java:1343) ~[?:?]
	at javax.swing.text.DefaultCaret.handleSetDot(DefaultCaret.java:1242) ~[?:?]
	at javax.swing.text.DefaultCaret.setDot(DefaultCaret.java:1223) ~[?:?]
	at javax.swing.text.DefaultCaret$Handler.insertUpdate(DefaultCaret.java:1819) ~[?:?]
	at javax.swing.text.AbstractDocument.fireInsertUpdate(AbstractDocument.java:227) ~[?:?]
	at javax.swing.text.AbstractDocument.handleInsertString(AbstractDocument.java:781) ~[?:?]
	at javax.swing.text.AbstractDocument.insertString(AbstractDocument.java:740) ~[?:?]
	at javax.swing.text.PlainDocument.insertString(PlainDocument.java:131) ~[?:?]
	at javax.swing.text.AbstractDocument.replace(AbstractDocument.java:699) ~[?:?]
	at javax.swing.text.JTextComponent.setText(JTextComponent.java:1725) ~[?:?]
	at com.st.microxplorer.plugins.projectmanager.gui.ProjectChoiceTab.createHeapStackFields(ProjectChoiceTab.java:993) ~[filemanager.jar:?]
	at com.st.microxplorer.plugins.projectmanager.gui.ProjectChoiceTab.buildLinkSettingsPanel(ProjectChoiceTab.java:3813) ~[filemanager.jar:?]
	at com.st.microxplorer.plugins.projectmanager.gui.ProjectChoiceTab.defineWindowsFields(ProjectChoiceTab.java:1987) ~[filemanager.jar:?]
	at com.st.microxplorer.plugins.projectmanager.gui.ProjectChoiceTab.updateSettings(ProjectChoiceTab.java:558) ~[filemanager.jar:?]
	at com.st.microxplorer.plugins.projectmanager.gui.ProjectSettingsPanel.UpdateDialog(ProjectSettingsPanel.java:247) ~[filemanager.jar:?]
	at com.st.microxplorer.plugins.projectmanager.ProjectManagerView.propertyChange(ProjectManagerView.java:392) ~[filemanager.jar:?]
	at java.beans.PropertyChangeSupport.fire(PropertyChangeSupport.java:343) ~[?:?]
	at java.beans.PropertyChangeSupport.firePropertyChange(PropertyChangeSupport.java:335) ~[?:?]
	at java.beans.PropertyChangeSupport.firePropertyChange(PropertyChangeSupport.java:268) ~[?:?]
	at com.st.microxplorer.util.MXPropertyChangeSupport.firePropertyChange(MXPropertyChangeSupport.java:54) ~[STM32CubeMX.jar:?]
	at com.st.microxplorer.mxsystem.MxSystem.closeConfig(MxSystem.java:899) ~[STM32CubeMX.jar:?]
	at com.st.microxplorer.maingui.MainPanel.closeConfig(MainPanel.java:792) ~[STM32CubeMX.jar:?]
	at com.st.microxplorer.plugins.filemanager.engine.OpenFileManager.loadConfigurationFile(OpenFileManager.java:288) ~[filemanager.jar:?]
	at com.st.microxplorer.plugins.filemanager.engine.MainFileManager.userLoadConfig(MainFileManager.java:364) ~[filemanager.jar:?]
	at com.st.microxplorer.plugins.filemanager.engine.MainFileManager.userLoadConfig(MainFileManager.java:342) ~[filemanager.jar:?]
	at com.st.microxplorer.plugins.filemanager.FileManagerView.getSpecificTask(FileManagerView.java:264) ~[filemanager.jar:?]
	at com.st.stm32cube.common.mx.editor.CubeMxEditor.getMxTabbedPaneInstance(CubeMxEditor.java:1198) ~[com.st.stm32cube.common.mx_6.15.0.202507011659/:?]
	at com.st.stm32cube.common.mx.editor.CubeMxEditor$12$1.createSwingComponent(CubeMxEditor.java:1068) ~[com.st.stm32cube.common.mx_6.15.0.202507011659/:?]
	at com.st.stm32cube.common.mx.oss.core.awtswtbridge.EmbeddedSwingComposite.doComponentCreation(EmbeddedSwingComposite.java:492) ~[com.st.stm32cube.common.mx.oss_6.15.0.202507011659/:?]
	at com.st.stm32cube.common.mx.oss.core.awtswtbridge.EmbeddedSwingComposite$4.run(EmbeddedSwingComposite.java:291) ~[com.st.stm32cube.common.mx.oss_6.15.0.202507011659/:?]
	at com.st.stm32cube.common.mx.oss.core.awtswtbridge.AwtEnvironment$2.run(AwtEnvironment.java:166) ~[com.st.stm32cube.common.mx.oss_6.15.0.202507011659/:?]
	at java.awt.event.InvocationEvent.dispatch(InvocationEvent.java:318) ~[?:?]
	at java.awt.EventQueue.dispatchEventImpl(EventQueue.java:773) ~[?:?]
	at java.awt.EventQueue$4.run(EventQueue.java:720) ~[?:?]
	at java.awt.EventQueue$4.run(EventQueue.java:714) ~[?:?]
	at java.security.AccessController.doPrivileged(AccessController.java:400) ~[?:?]
	at java.security.ProtectionDomain$JavaSecurityAccessImpl.doIntersectionPrivilege(ProtectionDomain.java:87) ~[?:?]
	at java.awt.EventQueue.dispatchEvent(EventQueue.java:742) ~[?:?]
	at java.awt.EventDispatchThread.pumpOneEventForFilters(EventDispatchThread.java:203) ~[?:?]
	at java.awt.EventDispatchThread.pumpEventsForFilter(EventDispatchThread.java:124) ~[?:?]
	at java.awt.EventDispatchThread.pumpEventsForHierarchy(EventDispatchThread.java:113) ~[?:?]
	at java.awt.EventDispatchThread.pumpEvents(EventDispatchThread.java:109) ~[?:?]
	at java.awt.EventDispatchThread.pumpEvents(EventDispatchThread.java:101) ~[?:?]
	at java.awt.EventDispatchThread.run(EventDispatchThread.java:90) ~[?:?]
2025-08-04 16:19:21,123 [WARN] ThirdParty:871 - waiting for thirdparty lock release [close project]
2025-08-04 16:19:21,123 [INFO] ThirdParty:873 - entering critical section [close project]
2025-08-04 16:19:21,123 [INFO] ThirdParty:883 - exiting critical section [close project]
2025-08-04 16:19:21,125 [INFO] PinOutPanel:1589 - setPackage(No Configuration,No Configuration)
2025-08-04 16:19:21,129 [INFO] UtilMem:75 - Begin LoadConfig() Used Memory: 477713808 Bytes (1073741824)
2025-08-04 16:19:21,129 [INFO] MicroXplorer:468 - Change Database Path : 
2025-08-04 16:19:21,129 [INFO] MicroXplorer:498 - Change Database Version : DB.6.0.150
2025-08-04 16:19:21,129 [INFO] OpenFileManager:355 - Change cursor
2025-08-04 16:19:21,134 [INFO] RulesReader:64 - Compatibility file has been processed (317 Rules)
2025-08-04 16:19:21,135 [INFO] Mcu:2029 - Initializing MCU STM32F042K(4-6)Tx STM32F042K6Tx STM32F042K6T6
2025-08-04 16:19:21,609 [INFO] Context:786 - Trying to add GPIOservice into a context  which must be forbidden
2025-08-04 16:19:21,809 [INFO] ImportTextPane:234 - (OptionalMessage_ERROR) Pin9 (VP_RIF_VS_RIF1) cannot be retrieved for this MCU
2025-08-04 16:19:21,831 [INFO] RtosManager:558 - Registered RTOS mode: class=CMSIS, group=RTOS, mode=CMSIS_V1, owner=FREERTOS
2025-08-04 16:19:21,831 [INFO] RtosManager:558 - Registered RTOS mode: class=CMSIS, group=RTOS2, mode=CMSIS_V2, owner=FREERTOS
2025-08-04 16:19:21,831 [INFO] RtosManager:558 - Registered RTOS mode: class=RTOS, group=Core, mode=CMSIS_V1, owner=FREERTOS
2025-08-04 16:19:21,831 [INFO] RtosManager:558 - Registered RTOS mode: class=RTOS, group=Core, mode=CMSIS_V2, owner=FREERTOS
2025-08-04 16:19:21,831 [WARN] ModelIntegratedComponent:184 - Missing modes for component STMicroelectronics:FreeRTOS:0.0.1:STMicroelectronics:RTOS:FreeRTOS:Core:::10.2.0:
2025-08-04 16:19:21,854 [WARN] ModelIntegratedComponent:63 - No mode defined for component null
2025-08-04 16:19:21,854 [WARN] ModelIntegratedComponent:63 - No mode defined for component null
2025-08-04 16:19:21,854 [WARN] ModelIntegratedComponent:63 - No mode defined for component null
2025-08-04 16:19:21,854 [WARN] ModelIntegratedComponent:63 - No mode defined for component null
2025-08-04 16:19:21,854 [WARN] ModelIntegratedComponent:63 - No mode defined for component null
2025-08-04 16:19:21,854 [WARN] ModelIntegratedComponent:63 - No mode defined for component null
2025-08-04 16:19:21,854 [WARN] ModelIntegratedComponent:63 - No mode defined for component null
2025-08-04 16:19:21,854 [WARN] ModelIntegratedComponent:63 - No mode defined for component null
2025-08-04 16:19:21,854 [WARN] ModelIntegratedComponent:63 - No mode defined for component null
2025-08-04 16:19:21,854 [WARN] ModelIntegratedComponent:63 - No mode defined for component null
2025-08-04 16:19:21,854 [WARN] ModelIntegratedComponent:63 - No mode defined for component null
2025-08-04 16:19:21,854 [WARN] ModelIntegratedComponent:63 - No mode defined for component null
2025-08-04 16:19:21,854 [WARN] ModelIntegratedComponent:63 - No mode defined for component null
2025-08-04 16:19:21,854 [WARN] ModelIntegratedComponent:63 - No mode defined for component null
2025-08-04 16:19:21,854 [WARN] ModelIntegratedComponent:63 - No mode defined for component null
2025-08-04 16:19:21,854 [WARN] ModelIntegratedComponent:63 - No mode defined for component null
2025-08-04 16:19:21,854 [WARN] ModelIntegratedComponent:63 - No mode defined for component null
2025-08-04 16:19:21,854 [WARN] ModelIntegratedComponent:63 - No mode defined for component null
2025-08-04 16:19:21,854 [WARN] ModelIntegratedComponent:63 - No mode defined for component null
2025-08-04 16:19:21,854 [WARN] ModelIntegratedComponent:63 - No mode defined for component null
2025-08-04 16:19:21,854 [WARN] ModelIntegratedComponent:63 - No mode defined for component null
2025-08-04 16:19:21,854 [WARN] ModelIntegratedComponent:63 - No mode defined for component null
2025-08-04 16:19:21,854 [WARN] ModelIntegratedComponent:63 - No mode defined for component null
2025-08-04 16:19:21,854 [WARN] ModelIntegratedComponent:63 - No mode defined for component null
2025-08-04 16:19:21,854 [WARN] ModelIntegratedComponent:63 - No mode defined for component null
2025-08-04 16:19:21,854 [WARN] ModelIntegratedComponent:63 - No mode defined for component null
2025-08-04 16:19:21,854 [WARN] ModelIntegratedComponent:63 - No mode defined for component null
2025-08-04 16:19:21,854 [WARN] ModelIntegratedComponent:63 - No mode defined for component null
2025-08-04 16:19:21,854 [WARN] ModelIntegratedComponent:63 - No mode defined for component null
2025-08-04 16:19:21,854 [WARN] ModelIntegratedComponent:63 - No mode defined for component null
2025-08-04 16:19:21,854 [WARN] ModelIntegratedComponent:63 - No mode defined for component null
2025-08-04 16:19:21,854 [WARN] ModelIntegratedComponent:63 - No mode defined for component null
2025-08-04 16:19:21,854 [WARN] ModelIntegratedComponent:63 - No mode defined for component null
2025-08-04 16:19:21,854 [WARN] ModelIntegratedComponent:63 - No mode defined for component null
2025-08-04 16:19:21,854 [WARN] ModelIntegratedComponent:63 - No mode defined for component null
2025-08-04 16:19:21,855 [WARN] ModelPack:524 - Component already loaded: STMicroelectronics:HAL Drivers:0.0.0:STMicroelectronics:Device:STMicro_Driver:XSPI:HAL::0.0.1:HAL_XSPI
2025-08-04 16:19:21,953 [INFO] ThirdPartyModel:298 - Start build external matchings
2025-08-04 16:19:22,183 [INFO] ThirdPartyModel:316 - End build external matchings
2025-08-04 16:19:22,195 [INFO] ImportTextPane:234 - (OptionalMessage_ERROR) IP (RCC) : Invalid parameter (FamilyName)
2025-08-04 16:19:22,195 [INFO] ImportTextPane:234 - (OptionalMessage_ERROR) IP (RCC) : Invalid parameter (HSICECFreq_Value)
2025-08-04 16:19:22,424 [INFO] UtilMem:75 - End LoadConfig() Used Memory: 521277640 Bytes (1073741824)
2025-08-04 16:19:22,474 [WARN] ThirdParty:833 - waiting for thirdparty lock release [change project]
2025-08-04 16:19:22,474 [INFO] ThirdParty:835 - entering critical section [change project]
2025-08-04 16:19:22,474 [INFO] ThirdParty:1030 - CMSIS Pack Vendor :STMicroelectronics X-CUBE-PM33A1 1.0.0
2025-08-04 16:19:22,474 [INFO] ThirdParty:1030 - CMSIS Pack Vendor :STMicroelectronics USBPD 4.1
2025-08-04 16:19:22,474 [INFO] ThirdParty:1030 - CMSIS Pack Vendor :STMicroelectronics X-CUBE-NFC9 1.0.0
2025-08-04 16:19:22,474 [INFO] ThirdParty:1030 - CMSIS Pack Vendor :STMicroelectronics USB_HOST 2.0.0
2025-08-04 16:19:22,474 [INFO] ThirdParty:1030 - CMSIS Pack Vendor :STMicroelectronics FP-SNS-MOTENVWB1 1.4.0
2025-08-04 16:19:22,474 [INFO] ThirdParty:1030 - CMSIS Pack Vendor :STMicroelectronics X-CUBE-AZRTOS-F4 1.1.0
2025-08-04 16:19:22,474 [INFO] ThirdParty:1030 - CMSIS Pack Vendor :STMicroelectronics LIBJPEG 8.0.0
2025-08-04 16:19:22,474 [INFO] ThirdParty:1030 - CMSIS Pack Vendor :STMicroelectronics FP-ATR-ASTRA1 2.0.2
2025-08-04 16:19:22,474 [INFO] ThirdParty:1030 - CMSIS Pack Vendor :wolfSSL I-CUBE-wolfSSL 5.8.2
2025-08-04 16:19:22,474 [INFO] ThirdParty:1030 - CMSIS Pack Vendor :STMicroelectronics X-CUBE-BLE1 7.1.0
2025-08-04 16:19:22,474 [INFO] ThirdParty:1030 - CMSIS Pack Vendor :Avnet-IotConnect X-CUBE-IoTC-DA16k-PMOD 1.0.0
2025-08-04 16:19:22,474 [INFO] ThirdParty:1030 - CMSIS Pack Vendor :STMicroelectronics X-CUBE-SMBUS 2.1.0
2025-08-04 16:19:22,474 [INFO] ThirdParty:1030 - CMSIS Pack Vendor :wolfSSL I-CUBE-wolfMQTT 1.19.2
2025-08-04 16:19:22,474 [INFO] ThirdParty:1030 - CMSIS Pack Vendor :STMicroelectronics USB_DEVICE 3.0.0
2025-08-04 16:19:22,474 [INFO] ThirdParty:1030 - CMSIS Pack Vendor :STMicroelectronics X-CUBE-ISPU 2.1.0
2025-08-04 16:19:22,475 [INFO] ThirdParty:1030 - CMSIS Pack Vendor :STMicroelectronics X-CUBE-EEPRMA1 5.2.0
2025-08-04 16:19:22,475 [INFO] ThirdParty:1030 - CMSIS Pack Vendor :STMicroelectronics X-CUBE-BLEMGR 4.1.0
2025-08-04 16:19:22,475 [INFO] ThirdParty:1030 - CMSIS Pack Vendor :STMicroelectronics X-CUBE-AZRTOS-WB 2.0.0
2025-08-04 16:19:22,475 [INFO] ThirdParty:1030 - CMSIS Pack Vendor :STMicroelectronics X-CUBE-ST60 1.0.0
2025-08-04 16:19:22,475 [INFO] ThirdParty:1030 - CMSIS Pack Vendor :STMicroelectronics X-CUBE-GNSS1 7.0.1
2025-08-04 16:19:22,475 [INFO] ThirdParty:1030 - CMSIS Pack Vendor :STMicroelectronics X-CUBE-NFC12 1.0.0
2025-08-04 16:19:22,475 [INFO] ThirdParty:1030 - CMSIS Pack Vendor :STMicroelectronics X-CUBE-AZRTOS-F7 1.1.0
2025-08-04 16:19:22,475 [INFO] ThirdParty:1030 - CMSIS Pack Vendor :STMicroelectronics X-CUBE-AZRTOS-L5 2.0.0
2025-08-04 16:19:22,475 [INFO] ThirdParty:1030 - CMSIS Pack Vendor :STMicroelectronics X-CUBE-TOUCHGFX 4.25.0
2025-08-04 16:19:22,475 [INFO] ThirdParty:1030 - CMSIS Pack Vendor :STMicroelectronics USB_DEVICE 2.0.0
2025-08-04 16:19:22,475 [INFO] ThirdParty:1030 - CMSIS Pack Vendor :STMicroelectronics X-CUBE-NFC6 3.1.0
2025-08-04 16:19:22,475 [INFO] ThirdParty:1030 - CMSIS Pack Vendor :STMicroelectronics X-CUBE-AI 10.1.0
2025-08-04 16:19:22,475 [INFO] ThirdParty:1030 - CMSIS Pack Vendor :quantropi X-CUBE-qispace-sdk-base 2.1.0
2025-08-04 16:19:22,475 [INFO] ThirdParty:1030 - CMSIS Pack Vendor :STMicroelectronics FreeRTOS 0.0.1
2025-08-04 16:19:22,475 [INFO] ThirdParty:1030 - CMSIS Pack Vendor :STMicroelectronics X-CUBE-AZRTOS-G0 1.1.0
2025-08-04 16:19:22,475 [INFO] ThirdParty:1030 - CMSIS Pack Vendor :STMicroelectronics X-CUBE-SAFEA1 1.2.2
2025-08-04 16:19:22,475 [INFO] ThirdParty:1030 - CMSIS Pack Vendor :STMicroelectronics X-CUBE-NFC4 3.0.0
2025-08-04 16:19:22,475 [INFO] ThirdParty:1030 - CMSIS Pack Vendor :STMicroelectronics X-CUBE-SUBG2 5.0.0
2025-08-04 16:19:22,475 [INFO] ThirdParty:1030 - CMSIS Pack Vendor :STMicroelectronics X-CUBE-AZRTOS-H7RS 1.1.0
2025-08-04 16:19:22,475 [INFO] ThirdParty:1030 - CMSIS Pack Vendor :STMicroelectronics STM32_WPAN 1.0.0
2025-08-04 16:19:22,475 [INFO] ThirdParty:1030 - CMSIS Pack Vendor :EmbeddedOffice I-CUBE-FS-RTOS 1.0.1
2025-08-04 16:19:22,475 [INFO] ThirdParty:1030 - CMSIS Pack Vendor :STMicroelectronics lwIP 2.0.3
2025-08-04 16:19:22,475 [INFO] ThirdParty:1030 - CMSIS Pack Vendor :Cesanta I-CUBE-Mongoose 7.13.0
2025-08-04 16:19:22,475 [INFO] ThirdParty:1030 - CMSIS Pack Vendor :STMicroelectronics USB_HOST 1.0.0
2025-08-04 16:19:22,475 [INFO] ThirdParty:1030 - CMSIS Pack Vendor :Infineon AIROC-Wi-Fi-Bluetooth-STM32 1.7.1
2025-08-04 16:19:22,475 [INFO] ThirdParty:1030 - CMSIS Pack Vendor :STMicroelectronics X-CUBE-AZRTOS-G4 2.0.0
2025-08-04 16:19:22,475 [INFO] ThirdParty:1030 - CMSIS Pack Vendor :STMicroelectronics X-CUBE-WB05N 2.0.0
2025-08-04 16:19:22,475 [INFO] ThirdParty:1030 - CMSIS Pack Vendor :STMicroelectronics PDM2PCM 3.1.0
2025-08-04 16:19:22,475 [INFO] ThirdParty:1030 - CMSIS Pack Vendor :STMicroelectronics PDM2PCM 3.3.0
2025-08-04 16:19:22,475 [INFO] ThirdParty:1030 - CMSIS Pack Vendor :wolfSSL I-CUBE-wolfTPM 3.8.0
2025-08-04 16:19:22,475 [INFO] ThirdParty:1030 - CMSIS Pack Vendor :STMicroelectronics X-CUBE-AZRTOS-H7 3.4.0
2025-08-04 16:19:22,475 [INFO] ThirdParty:1030 - CMSIS Pack Vendor :STMicroelectronics X-CUBE-DISPLAY 3.0.0
2025-08-04 16:19:22,475 [INFO] ThirdParty:1030 - CMSIS Pack Vendor :wolfSSL I-CUBE-wolfSSH 1.4.20
2025-08-04 16:19:22,475 [INFO] ThirdParty:1030 - CMSIS Pack Vendor :STMicroelectronics X-CUBE-NFC7 2.0.0
2025-08-04 16:19:22,475 [INFO] ThirdParty:1030 - CMSIS Pack Vendor :STMicroelectronics X-CUBE-TCPP 4.2.0
2025-08-04 16:19:22,475 [INFO] ThirdParty:1030 - CMSIS Pack Vendor :RealThread X-CUBE-RT-Thread_Nano 4.1.1
2025-08-04 16:19:22,475 [INFO] ThirdParty:1030 - CMSIS Pack Vendor :STMicroelectronics FP-ATR-SIGFOX1 3.2.0
2025-08-04 16:19:22,475 [INFO] ThirdParty:1030 - CMSIS Pack Vendor :STMicroelectronics X-CUBE-NFC10 1.0.0
2025-08-04 16:19:22,475 [INFO] ThirdParty:1030 - CMSIS Pack Vendor :STMicroelectronics X-CUBE-FREERTOS 1.3.1
2025-08-04 16:19:22,475 [INFO] ThirdParty:1030 - CMSIS Pack Vendor :STMicroelectronics HAL Drivers 0.0.0
2025-08-04 16:19:22,475 [INFO] ThirdParty:1030 - CMSIS Pack Vendor :STMicroelectronics MBEDTLS 2.16.2
2025-08-04 16:19:22,475 [INFO] ThirdParty:1030 - CMSIS Pack Vendor :STMicroelectronics X-CUBE-IPS 3.1.0
2025-08-04 16:19:22,475 [INFO] ThirdParty:1030 - CMSIS Pack Vendor :STMicroelectronics X-CUBE-ALS 1.0.2
2025-08-04 16:19:22,475 [INFO] ThirdParty:1030 - CMSIS Pack Vendor :emotas I-CUBE-CANOPEN 1.3.0
2025-08-04 16:19:22,475 [INFO] ThirdParty:1030 - CMSIS Pack Vendor :STMicroelectronics MBEDTLS 2.14.1
2025-08-04 16:19:22,475 [INFO] ThirdParty:1030 - CMSIS Pack Vendor :ITTIA_DB I-CUBE-ITTIADB 8.9.0
2025-08-04 16:19:22,475 [INFO] ThirdParty:1030 - CMSIS Pack Vendor :portGmbH I-Cube-SoM-uGOAL 1.1.0
2025-08-04 16:19:22,475 [INFO] ThirdParty:1030 - CMSIS Pack Vendor :STMicroelectronics X-CUBE-ST67W61 1.0.0
2025-08-04 16:19:22,475 [INFO] ThirdParty:1030 - CMSIS Pack Vendor :STMicroelectronics FP-SNS-STBOX1 2.1.0
2025-08-04 16:19:22,475 [INFO] ThirdParty:1030 - CMSIS Pack Vendor :STMicroelectronics FP-SNS-STAIOTCFT 1.0.0
2025-08-04 16:19:22,475 [INFO] ThirdParty:1030 - CMSIS Pack Vendor :STMicroelectronics ThreadX 1.0.0
2025-08-04 16:19:22,475 [INFO] ThirdParty:1030 - CMSIS Pack Vendor :STMicroelectronics FP-SNS-SMARTAG2 1.2.0
2025-08-04 16:19:22,475 [INFO] ThirdParty:1030 - CMSIS Pack Vendor :STMicroelectronics FP-SNS-FLIGHT1 5.1.0
2025-08-04 16:19:22,475 [INFO] ThirdParty:1030 - CMSIS Pack Vendor :STMicroelectronics X-CUBE-AZRTOS-WL 2.0.0
2025-08-04 16:19:22,475 [INFO] ThirdParty:1030 - CMSIS Pack Vendor :SEGGER I-CUBE-embOS 1.3.1
2025-08-04 16:19:22,475 [INFO] ThirdParty:1030 - CMSIS Pack Vendor :STMicroelectronics X-CUBE-ALGOBUILD 1.4.0
2025-08-04 16:19:22,475 [INFO] ThirdParty:1030 - CMSIS Pack Vendor :STMicroelectronics X-CUBE-DPower 1.3.0
2025-08-04 16:19:22,475 [INFO] ThirdParty:1030 - CMSIS Pack Vendor :STMicroelectronics X-CUBE-MEMS1 11.3.0
2025-08-04 16:19:22,475 [INFO] ThirdParty:1030 - CMSIS Pack Vendor :STMicroelectronics FP-SNS-MOTENV1 5.0.0
2025-08-04 16:19:22,475 [INFO] ThirdParty:1030 - CMSIS Pack Vendor :STMicroelectronics USB_DEVICE 1.0.0
2025-08-04 16:19:22,475 [INFO] ThirdParty:1030 - CMSIS Pack Vendor :STMicroelectronics X-CUBE-AZRTOS-L4 2.0.0
2025-08-04 16:19:22,475 [INFO] ThirdParty:1030 - CMSIS Pack Vendor :STMicroelectronics ThreadX 0.0.2
2025-08-04 16:19:22,475 [INFO] ThirdParty:1030 - CMSIS Pack Vendor :WES I-CUBE-Cesium 1.3.0
2025-08-04 16:19:22,475 [INFO] ThirdParty:1030 - CMSIS Pack Vendor :STMicroelectronics lwIP 2.1.2
2025-08-04 16:19:22,475 [INFO] ThirdParty:1030 - CMSIS Pack Vendor :STMicroelectronics X-CUBE-SFXS2LP1 4.0.0
2025-08-04 16:19:22,475 [INFO] ThirdParty:1030 - CMSIS Pack Vendor :STMicroelectronics X-CUBE-BLE2 3.3.0
2025-08-04 16:19:22,475 [INFO] ThirdParty:1030 - CMSIS Pack Vendor :STMicroelectronics X-CUBE-TOF1 3.4.3
2025-08-04 16:19:22,475 [INFO] ThirdParty:1030 - CMSIS Pack Vendor :STMicroelectronics PDM2PCM 3.2.0
2025-08-04 16:19:22,475 [INFO] ThirdParty:841 - exiting critical section [change project]
2025-08-04 16:19:22,541 [INFO] PinOutPanel:1589 - setPackage(No Configuration,No Configuration)
2025-08-04 16:19:22,542 [INFO] PinOutPanel:1589 - setPackage(STM32F042K6Tx,LQFP32)
2025-08-04 16:19:23,006 [INFO] UtilMem:75 - Before build in PCC Used Memory: 646572432 Bytes (1073741824)
2025-08-04 16:19:23,162 [INFO] UtilMem:75 - After build in PCC Used Memory: 692709776 Bytes (1073741824)
2025-08-04 16:19:23,167 [INFO] ApiDbMcu:532 - Load IP Config File for USB_DEVICE
2025-08-04 16:19:23,180 [INFO] IPUIPlugin:80 - create IPUIPlugin
2025-08-04 16:19:23,180 [INFO] IPUIPlugin:80 - create IPUIPlugin
2025-08-04 16:19:23,180 [INFO] IPUIPlugin:80 - create IPUIPlugin
2025-08-04 16:19:23,180 [INFO] IPUIPlugin:80 - create IPUIPlugin
2025-08-04 16:19:23,180 [INFO] IPUIPlugin:80 - create IPUIPlugin
2025-08-04 16:19:23,180 [INFO] IPUIPlugin:80 - create IPUIPlugin
2025-08-04 16:19:23,180 [INFO] IPUIPlugin:80 - create IPUIPlugin
2025-08-04 16:19:23,180 [INFO] IPUIPlugin:80 - create IPUIPlugin
2025-08-04 16:19:23,180 [INFO] IPUIPlugin:80 - create IPUIPlugin
2025-08-04 16:19:23,180 [INFO] IPUIPlugin:80 - create IPUIPlugin
2025-08-04 16:19:23,180 [INFO] IPUIPlugin:80 - create IPUIPlugin
2025-08-04 16:19:23,181 [INFO] IPUIPlugin:80 - create IPUIPlugin
2025-08-04 16:19:23,181 [INFO] IPUIPlugin:80 - create IPUIPlugin
2025-08-04 16:19:23,181 [INFO] IPUIPlugin:80 - create IPUIPlugin
2025-08-04 16:19:23,181 [INFO] IPUIPlugin:80 - create IPUIPlugin
2025-08-04 16:19:23,181 [INFO] IPUIPlugin:80 - create IPUIPlugin
2025-08-04 16:19:23,181 [INFO] IPUIPlugin:80 - create IPUIPlugin
2025-08-04 16:19:23,181 [INFO] IPUIPlugin:80 - create IPUIPlugin
2025-08-04 16:19:23,181 [INFO] IPUIPlugin:80 - create IPUIPlugin
2025-08-04 16:19:23,181 [INFO] IPUIPlugin:80 - create IPUIPlugin
2025-08-04 16:19:23,181 [INFO] IPUIPlugin:80 - create IPUIPlugin
2025-08-04 16:19:23,181 [INFO] IPUIPlugin:80 - create IPUIPlugin
2025-08-04 16:19:23,181 [INFO] IPUIPlugin:80 - create IPUIPlugin
2025-08-04 16:19:23,181 [INFO] IPUIPlugin:80 - create IPUIPlugin
2025-08-04 16:19:23,181 [INFO] IPUIPlugin:80 - create IPUIPlugin
2025-08-04 16:19:23,181 [INFO] IPUIPlugin:80 - create IPUIPlugin
2025-08-04 16:19:23,182 [INFO] IPUIPlugin:80 - create IPUIPlugin
2025-08-04 16:19:23,182 [INFO] IPUIPlugin:80 - create IPUIPlugin
2025-08-04 16:19:23,182 [INFO] IPUIPlugin:80 - create IPUIPlugin
2025-08-04 16:19:23,182 [INFO] IPUIPlugin:80 - create IPUIPlugin
2025-08-04 16:19:23,208 [INFO] CADModel:165 - CPN selected for project levelSTM32F042K6T6
2025-08-04 16:19:23,208 [INFO] CADModel:114 - Register for checkConnection events
2025-08-04 16:19:23,274 [INFO] OpenFileManager:386 - Restore cursor
