2025-08-09 15:49:05,086 [ERROR] LogOutputStream:75 - [STDERR_REDIRECT] 
2025-08-09 16:05:34,607 [INFO] Activator:176 - 


2025-08-09 16:05:34,609 [INFO] Activator:177 - !SESSION log4j initialized
2025-08-09 16:05:41,611 [INFO] LogOutputStream:77 - [STDOUT_REDIRECT] 
2025-08-09 16:05:55,283 [INFO] ApplicationProperties:184 - Using Application install path: C:\ST\STM32CubeIDE_1.19.0\STM32CubeIDE\plugins\com.st.stm32cube.common.mx_6.15.0.202507011659
2025-08-09 16:05:55,301 [INFO] DbMcusXml:78 - Set database path to: C:\ST\STM32CubeIDE_1.19.0\STM32CubeIDE\plugins\com.st.stm32cube.common.mx_6.15.0.202507011659\\db\/mcu/
2025-08-09 16:05:55,302 [INFO] ApiDb:274 - Set plugin database path to: C:\ST\STM32CubeIDE_1.19.0\STM32CubeIDE\plugins\com.st.stm32cube.common.mx_6.15.0.202507011659\\db\/plugins/boardmanager/
2025-08-09 16:05:55,302 [WARN] ApiDb:259 - Overriding images path with different value:  => C:\ST\STM32CubeIDE_1.19.0\STM32CubeIDE\plugins\com.st.stm32cube.common.mx_6.15.0.202507011659\\db\/plugins/mcufinder/images/
2025-08-09 16:05:55,311 [INFO] ApiDb:250 - Set database path to: C:\Users\rntsa\.stmcufinder\plugins\mcufinder//mcu/
2025-08-09 16:05:55,312 [INFO] DbMcusAds:125 - Set database path to: C:\Users\rntsa\.stmcufinder\plugins\mcufinder//mcu/
2025-08-09 16:05:55,316 [INFO] CrossReferenceDbSqlite:203 - Set database path to: C:\Users\rntsa\.stmcufinder\plugins\mcufinder//mcu/cs/
2025-08-09 16:05:55,398 [INFO] RulesReader:64 - Compatibility file has been processed (317 Rules)
2025-08-09 16:05:55,487 [INFO] DbMcusXml:78 - Set database path to: C:\ST\STM32CubeIDE_1.19.0\STM32CubeIDE\plugins\com.st.stm32cube.common.mx_6.15.0.202507011659\\db\/mcu/
2025-08-09 16:05:55,487 [INFO] ApiDb:274 - Set plugin database path to: C:\ST\STM32CubeIDE_1.19.0\STM32CubeIDE\plugins\com.st.stm32cube.common.mx_6.15.0.202507011659\\db\/plugins/boardmanager/
2025-08-09 16:05:55,487 [INFO] ApiDb:261 - Set plugin images path to: C:\ST\STM32CubeIDE_1.19.0\STM32CubeIDE\plugins\com.st.stm32cube.common.mx_6.15.0.202507011659\\db\/plugins/mcufinder/images/
2025-08-09 16:05:55,488 [WARN] DbFile:41 - Overriding database path with different value: C:\Users\rntsa\.stmcufinder\plugins\mcufinder/ => C:\Users\rntsa\.stmcufinder\plugins\mcufinder
2025-08-09 16:05:55,488 [INFO] ApiDb:250 - Set database path to: C:\Users\rntsa\.stmcufinder\plugins\mcufinder//mcu/
2025-08-09 16:05:55,488 [WARN] DbFile:41 - Overriding database path with different value: C:\Users\rntsa\.stmcufinder\plugins\mcufinder/ => C:\Users\rntsa\.stmcufinder\plugins\mcufinder
2025-08-09 16:05:55,488 [INFO] DbMcusAds:125 - Set database path to: C:\Users\rntsa\.stmcufinder\plugins\mcufinder//mcu/
2025-08-09 16:05:55,488 [WARN] DbFile:41 - Overriding database path with different value: C:\Users\rntsa\.stmcufinder\plugins\mcufinder/ => C:\Users\rntsa\.stmcufinder\plugins\mcufinder
2025-08-09 16:05:55,488 [WARN] DbFile:41 - Overriding database path with different value: C:\Users\rntsa\.stmcufinder\plugins\mcufinder/ => C:\Users\rntsa\.stmcufinder\plugins\mcufinder
2025-08-09 16:05:55,488 [INFO] CrossReferenceDbSqlite:203 - Set database path to: C:\Users\rntsa\.stmcufinder\plugins\mcufinder//mcu/cs/
2025-08-09 16:05:55,550 [INFO] MainPanel:274 - HeapMemory: 268435456
2025-08-09 16:05:55,661 [INFO] DbMcusXml:78 - Set database path to: C:\ST\STM32CubeIDE_1.19.0\STM32CubeIDE\plugins\com.st.stm32cube.common.mx_6.15.0.202507011659\\db\/mcu/
2025-08-09 16:05:55,661 [INFO] ApiDb:274 - Set plugin database path to: C:\ST\STM32CubeIDE_1.19.0\STM32CubeIDE\plugins\com.st.stm32cube.common.mx_6.15.0.202507011659\\db\/plugins/boardmanager/
2025-08-09 16:05:55,661 [INFO] ApiDb:261 - Set plugin images path to: C:\ST\STM32CubeIDE_1.19.0\STM32CubeIDE\plugins\com.st.stm32cube.common.mx_6.15.0.202507011659\\db\/plugins/mcufinder/images/
2025-08-09 16:05:55,661 [WARN] DbFile:41 - Overriding database path with different value: C:\Users\rntsa\.stmcufinder\plugins\mcufinder/ => C:\Users\rntsa\.stmcufinder\plugins\mcufinder
2025-08-09 16:05:55,661 [INFO] ApiDb:250 - Set database path to: C:\Users\rntsa\.stmcufinder\plugins\mcufinder//mcu/
2025-08-09 16:05:55,661 [WARN] DbFile:41 - Overriding database path with different value: C:\Users\rntsa\.stmcufinder\plugins\mcufinder/ => C:\Users\rntsa\.stmcufinder\plugins\mcufinder
2025-08-09 16:05:55,662 [INFO] DbMcusAds:125 - Set database path to: C:\Users\rntsa\.stmcufinder\plugins\mcufinder//mcu/
2025-08-09 16:05:55,662 [WARN] DbFile:41 - Overriding database path with different value: C:\Users\rntsa\.stmcufinder\plugins\mcufinder/ => C:\Users\rntsa\.stmcufinder\plugins\mcufinder
2025-08-09 16:05:55,662 [WARN] DbFile:41 - Overriding database path with different value: C:\Users\rntsa\.stmcufinder\plugins\mcufinder/ => C:\Users\rntsa\.stmcufinder\plugins\mcufinder
2025-08-09 16:05:55,662 [INFO] CrossReferenceDbSqlite:203 - Set database path to: C:\Users\rntsa\.stmcufinder\plugins\mcufinder//mcu/cs/
2025-08-09 16:05:55,676 [INFO] ApplicationProperties:184 - Using Application install path: C:\ST\STM32CubeIDE_1.19.0\STM32CubeIDE\plugins\com.st.stm32cube.common.mx_6.15.0.202507011659
2025-08-09 16:05:55,677 [INFO] PluginManage:196 - Search for loadable plugins [exclusion list=, ]
2025-08-09 16:05:55,678 [INFO] PluginManage:310 - Check plugin analytics
2025-08-09 16:05:55,832 [INFO] AnalyticsPlugin:253 - Accepted Software Licenses: 
2025-08-09 16:05:55,832 [INFO] AnalyticsPlugin:255 - Accepted CMSIS Pack Licenses: 
2025-08-09 16:05:55,832 [INFO] AnalyticsPlugin:257 - Accepted Firmware Licenses: 
2025-08-09 16:05:55,835 [INFO] PluginManage:359 - Loaded plugin analytics (category:tool,tabindex:-1)
2025-08-09 16:05:55,835 [INFO] PluginManage:310 - Check plugin cadmodel
2025-08-09 16:05:55,840 [INFO] CADModel:105 - Init CAD model plugin
2025-08-09 16:05:55,840 [INFO] PluginManage:359 - Loaded plugin cadmodel (category:power,tabindex:5)
2025-08-09 16:05:55,840 [INFO] PluginManage:310 - Check plugin clock
2025-08-09 16:05:55,849 [INFO] PluginManage:359 - Loaded plugin clock (category:base,tabindex:2)
2025-08-09 16:05:55,849 [INFO] PluginManage:310 - Check plugin ddr
2025-08-09 16:05:55,850 [INFO] PluginManage:359 - Loaded plugin ddr (category:tool,tabindex:6)
2025-08-09 16:05:55,851 [INFO] PluginManage:310 - Check plugin filemanager
2025-08-09 16:05:55,979 [INFO] PluginManage:359 - Loaded plugin filemanager (category:base,tabindex:10)
2025-08-09 16:05:55,979 [INFO] PluginManage:310 - Check plugin ipmanager
2025-08-09 16:05:55,986 [INFO] PluginManage:359 - Loaded plugin ipmanager (category:base,tabindex:5)
2025-08-09 16:05:55,986 [INFO] PluginManage:310 - Check plugin lpbam
2025-08-09 16:05:55,992 [INFO] PluginManage:359 - Loaded plugin lpbam (category:base,tabindex:0)
2025-08-09 16:05:55,992 [INFO] PluginManage:310 - Check plugin memorymap
2025-08-09 16:05:56,006 [INFO] PluginManage:359 - Loaded plugin memorymap (category:base,tabindex:4)
2025-08-09 16:05:56,006 [INFO] PluginManage:310 - Check plugin pinoutandconfiguration
2025-08-09 16:05:56,015 [INFO] PluginManage:359 - Loaded plugin pinoutandconfiguration (category:base,tabindex:1)
2025-08-09 16:05:56,015 [INFO] PluginManage:310 - Check plugin pinoutconfig
2025-08-09 16:05:56,101 [WARN] SupportedApi:132 - Cannot load RTOS API schema: s4s-elt-must-match.1: The content of 'definitions' must match (annotation?, (simpleType | complexType)?, (unique | key | keyref)*)). A problem was found starting at: attribute.
2025-08-09 16:05:56,206 [INFO] PluginManage:359 - Loaded plugin pinoutconfig (category:base,tabindex:0)
2025-08-09 16:05:56,207 [INFO] PluginManage:310 - Check plugin power
2025-08-09 16:05:56,217 [INFO] PluginManage:359 - Loaded plugin power (category:power,tabindex:4)
2025-08-09 16:05:56,217 [INFO] PluginManage:310 - Check plugin projectmanager
2025-08-09 16:05:56,232 [INFO] PluginManage:359 - Loaded plugin projectmanager (category:projectmanager,tabindex:4)
2025-08-09 16:05:56,232 [INFO] PluginManage:310 - Check plugin rif
2025-08-09 16:05:56,243 [INFO] PluginManage:359 - Loaded plugin rif (category:base,tabindex:3)
2025-08-09 16:05:56,243 [INFO] PluginManage:310 - Check plugin thirdparty
2025-08-09 16:05:56,378 [INFO] PluginManage:359 - Loaded plugin thirdparty (category:base,tabindex:-1)
2025-08-09 16:05:56,378 [WARN] IntegrityCheckThread:84 - waiting for thirdparty lock release [integrity check]
2025-08-09 16:05:56,378 [INFO] IntegrityCheckThread:86 - entering critical section [integrity check]
2025-08-09 16:05:56,378 [INFO] PluginManage:310 - Check plugin tools
2025-08-09 16:05:56,379 [INFO] ThirdPartyUpdaterWithRetryManager:70 - Updater plugin not ready yet. [1/15]
2025-08-09 16:05:56,381 [INFO] PluginManage:359 - Loaded plugin tools (category:base,tabindex:7)
2025-08-09 16:05:56,381 [INFO] PluginManage:310 - Check plugin tutovideos
2025-08-09 16:05:56,561 [INFO] PluginManage:359 - Loaded plugin tutovideos (category:base,tabindex:-1)
2025-08-09 16:05:56,561 [INFO] PluginManage:310 - Check plugin updater
2025-08-09 16:05:56,583 [INFO] PluginManage:359 - Loaded plugin updater (category:base,tabindex:12)
2025-08-09 16:05:56,583 [INFO] PluginManage:310 - Check plugin userauth
2025-08-09 16:05:56,588 [INFO] UserAuth:118 - Init User Auth plugin
2025-08-09 16:05:56,588 [INFO] PluginManage:359 - Loaded plugin userauth (category:base,tabindex:14)
2025-08-09 16:05:56,588 [INFO] PluginManage:283 - PluginManage : Loaded plugins [18]
2025-08-09 16:05:56,754 [INFO] PinOutPanel:1589 - setPackage(No Configuration,No Configuration)
2025-08-09 16:05:56,831 [INFO] CADModel:165 - CPN selected for project level
2025-08-09 16:05:56,831 [INFO] CADModel:114 - Register for checkConnection events
2025-08-09 16:05:56,849 [INFO] IPUIPlugin:80 - create IPUIPlugin
2025-08-09 16:05:56,849 [INFO] PluginManager:220 - loadIPPluginJar : add adc
2025-08-09 16:05:56,855 [INFO] IPUIPlugin:80 - create IPUIPlugin
2025-08-09 16:05:56,855 [INFO] PluginManager:220 - loadIPPluginJar : add aes
2025-08-09 16:05:56,857 [INFO] IPUIPlugin:80 - create IPUIPlugin
2025-08-09 16:05:56,857 [INFO] PluginManager:220 - loadIPPluginJar : add can
2025-08-09 16:05:56,858 [INFO] IPUIPlugin:80 - create IPUIPlugin
2025-08-09 16:05:56,858 [INFO] PluginManager:220 - loadIPPluginJar : add comp
2025-08-09 16:05:56,860 [INFO] IPUIPlugin:80 - create IPUIPlugin
2025-08-09 16:05:56,860 [INFO] PluginManager:220 - loadIPPluginJar : add cryp
2025-08-09 16:05:56,864 [INFO] IPUIPlugin:80 - create IPUIPlugin
2025-08-09 16:05:56,864 [INFO] PluginManager:220 - loadIPPluginJar : add ddr_ctrl_phy
2025-08-09 16:05:56,865 [INFO] IPUIPlugin:80 - create IPUIPlugin
2025-08-09 16:05:56,865 [INFO] PluginManager:220 - loadIPPluginJar : add dfsdm
2025-08-09 16:05:56,869 [INFO] IPUIPlugin:80 - create IPUIPlugin
2025-08-09 16:05:56,869 [INFO] PluginManager:220 - loadIPPluginJar : add dma
2025-08-09 16:05:56,873 [INFO] IPUIPlugin:80 - create IPUIPlugin
2025-08-09 16:05:56,873 [INFO] PluginManager:220 - loadIPPluginJar : add dma3
2025-08-09 16:05:56,875 [INFO] IPUIPlugin:80 - create IPUIPlugin
2025-08-09 16:05:56,875 [INFO] PluginManager:220 - loadIPPluginJar : add extmemmanager
2025-08-09 16:05:56,876 [INFO] IPUIPlugin:80 - create IPUIPlugin
2025-08-09 16:05:56,877 [INFO] PluginManager:220 - loadIPPluginJar : add fatfs
2025-08-09 16:05:56,880 [INFO] IPUIPlugin:80 - create IPUIPlugin
2025-08-09 16:05:56,880 [INFO] PluginManager:220 - loadIPPluginJar : add fmc
2025-08-09 16:05:56,887 [INFO] IPUIPlugin:80 - create IPUIPlugin
2025-08-09 16:05:56,887 [INFO] PluginManager:220 - loadIPPluginJar : add freertos
2025-08-09 16:05:56,891 [INFO] IPUIPlugin:80 - create IPUIPlugin
2025-08-09 16:05:56,891 [INFO] PluginManager:220 - loadIPPluginJar : add genericplugin
2025-08-09 16:05:56,893 [INFO] IPUIPlugin:80 - create IPUIPlugin
2025-08-09 16:05:56,893 [INFO] PluginManager:220 - loadIPPluginJar : add gfxmmu
2025-08-09 16:05:56,897 [INFO] IPUIPlugin:80 - create IPUIPlugin
2025-08-09 16:05:56,897 [INFO] PluginManager:220 - loadIPPluginJar : add gic
2025-08-09 16:05:56,902 [INFO] IPUIPlugin:80 - create IPUIPlugin
2025-08-09 16:05:56,902 [INFO] PluginManager:220 - loadIPPluginJar : add gpio
2025-08-09 16:05:56,905 [INFO] IPUIPlugin:80 - create IPUIPlugin
2025-08-09 16:05:56,905 [INFO] PluginManager:220 - loadIPPluginJar : add gtzc
2025-08-09 16:05:56,907 [INFO] IPUIPlugin:80 - create IPUIPlugin
2025-08-09 16:05:56,907 [INFO] PluginManager:220 - loadIPPluginJar : add hash
2025-08-09 16:05:56,912 [INFO] IPUIPlugin:80 - create IPUIPlugin
2025-08-09 16:05:56,912 [INFO] PluginManager:220 - loadIPPluginJar : add i2c
2025-08-09 16:05:56,914 [INFO] IPUIPlugin:80 - create IPUIPlugin
2025-08-09 16:05:56,914 [INFO] PluginManager:220 - loadIPPluginJar : add i2s
2025-08-09 16:05:56,918 [INFO] IPUIPlugin:80 - create IPUIPlugin
2025-08-09 16:05:56,918 [INFO] PluginManager:220 - loadIPPluginJar : add i3c
2025-08-09 16:05:56,921 [INFO] IPUIPlugin:80 - create IPUIPlugin
2025-08-09 16:05:56,922 [INFO] PluginManager:220 - loadIPPluginJar : add ipddr
2025-08-09 16:05:56,927 [INFO] IPUIPlugin:80 - create IPUIPlugin
2025-08-09 16:05:56,927 [INFO] PluginManager:220 - loadIPPluginJar : add linkedlist
2025-08-09 16:05:56,931 [INFO] IPUIPlugin:80 - create IPUIPlugin
2025-08-09 16:05:56,931 [INFO] PluginManager:220 - loadIPPluginJar : add lorawan
2025-08-09 16:05:56,932 [INFO] IPUIPlugin:80 - create IPUIPlugin
2025-08-09 16:05:56,933 [INFO] PluginManager:220 - loadIPPluginJar : add ltdc
2025-08-09 16:05:56,936 [INFO] IPUIPlugin:80 - create IPUIPlugin
2025-08-09 16:05:56,936 [INFO] PluginManager:220 - loadIPPluginJar : add mdma
2025-08-09 16:05:56,941 [INFO] IPUIPlugin:80 - create IPUIPlugin
2025-08-09 16:05:56,941 [INFO] PluginManager:220 - loadIPPluginJar : add nvic
2025-08-09 16:05:56,943 [INFO] IPUIPlugin:80 - create IPUIPlugin
2025-08-09 16:05:56,944 [INFO] PluginManager:220 - loadIPPluginJar : add opamp
2025-08-09 16:05:56,949 [INFO] IPUIPlugin:80 - create IPUIPlugin
2025-08-09 16:05:56,949 [INFO] PluginManager:220 - loadIPPluginJar : add openamp
2025-08-09 16:05:56,952 [INFO] IPUIPlugin:80 - create IPUIPlugin
2025-08-09 16:05:56,952 [INFO] PluginManager:220 - loadIPPluginJar : add pdm2pcm
2025-08-09 16:05:56,956 [INFO] IPUIPlugin:80 - create IPUIPlugin
2025-08-09 16:05:56,957 [INFO] PluginManager:220 - loadIPPluginJar : add plateformsettings
2025-08-09 16:05:56,959 [INFO] IPUIPlugin:80 - create IPUIPlugin
2025-08-09 16:05:56,959 [INFO] PluginManager:220 - loadIPPluginJar : add quadspi
2025-08-09 16:05:56,960 [INFO] IPUIPlugin:80 - create IPUIPlugin
2025-08-09 16:05:56,960 [INFO] PluginManager:220 - loadIPPluginJar : add radio
2025-08-09 16:05:56,963 [INFO] IPUIPlugin:80 - create IPUIPlugin
2025-08-09 16:05:56,963 [INFO] PluginManager:220 - loadIPPluginJar : add resmgrutility
2025-08-09 16:05:56,967 [INFO] IPUIPlugin:80 - create IPUIPlugin
2025-08-09 16:05:56,968 [INFO] PluginManager:220 - loadIPPluginJar : add sai
2025-08-09 16:05:56,970 [INFO] IPUIPlugin:80 - create IPUIPlugin
2025-08-09 16:05:56,970 [INFO] PluginManager:220 - loadIPPluginJar : add spi
2025-08-09 16:05:56,974 [INFO] IPUIPlugin:80 - create IPUIPlugin
2025-08-09 16:05:56,974 [INFO] PluginManager:220 - loadIPPluginJar : add stm32_wpan
2025-08-09 16:05:56,976 [INFO] IPUIPlugin:80 - create IPUIPlugin
2025-08-09 16:05:56,976 [INFO] PluginManager:220 - loadIPPluginJar : add tim
2025-08-09 16:05:56,978 [INFO] IPUIPlugin:80 - create IPUIPlugin
2025-08-09 16:05:56,978 [INFO] PluginManager:220 - loadIPPluginJar : add touchsensing
2025-08-09 16:05:56,979 [INFO] IPUIPlugin:80 - create IPUIPlugin
2025-08-09 16:05:56,979 [INFO] PluginManager:220 - loadIPPluginJar : add tracer_emb
2025-08-09 16:05:56,980 [INFO] IPUIPlugin:80 - create IPUIPlugin
2025-08-09 16:05:56,980 [INFO] PluginManager:220 - loadIPPluginJar : add ts
2025-08-09 16:05:56,981 [INFO] IPUIPlugin:80 - create IPUIPlugin
2025-08-09 16:05:56,981 [INFO] PluginManager:220 - loadIPPluginJar : add tsc
2025-08-09 16:05:56,985 [INFO] IPUIPlugin:80 - create IPUIPlugin
2025-08-09 16:05:56,986 [INFO] PluginManager:220 - loadIPPluginJar : add ucpd
2025-08-09 16:05:56,987 [INFO] IPUIPlugin:80 - create IPUIPlugin
2025-08-09 16:05:56,987 [INFO] PluginManager:220 - loadIPPluginJar : add usart
2025-08-09 16:05:56,992 [INFO] IPUIPlugin:80 - create IPUIPlugin
2025-08-09 16:05:56,992 [INFO] PluginManager:220 - loadIPPluginJar : add usbx
2025-08-09 16:05:57,103 [FATAL] Updater:351 - Updater called before beeing initialized
2025-08-09 16:05:57,123 [INFO] RulesReader:64 - Compatibility file has been processed (317 Rules)
2025-08-09 16:05:57,131 [INFO] RulesReader:64 - Compatibility file has been processed (317 Rules)
2025-08-09 16:05:57,140 [INFO] CADModel:165 - CPN selected for project level
2025-08-09 16:05:57,140 [INFO] CADModel:114 - Register for checkConnection events
2025-08-09 16:05:57,140 [FATAL] Updater:351 - Updater called before beeing initialized
2025-08-09 16:05:57,140 [ERROR] CADModel:125 - Updater not yet initialized, retry later 
2025-08-09 16:05:57,294 [FATAL] Updater:351 - Updater called before beeing initialized
2025-08-09 16:05:57,296 [INFO] CADModel:165 - CPN selected for project level
2025-08-09 16:05:57,296 [INFO] CADModel:114 - Register for checkConnection events
2025-08-09 16:05:57,303 [FATAL] Updater:351 - Updater called before beeing initialized
2025-08-09 16:05:57,303 [ERROR] CADModel:125 - Updater not yet initialized, retry later 
2025-08-09 16:05:57,305 [FATAL] Updater:351 - Updater called before beeing initialized
2025-08-09 16:05:57,374 [FATAL] Updater:351 - Updater called before beeing initialized
2025-08-09 16:05:57,376 [INFO] DbMcusAds:53 - JSON generation date=Tue Jul 08 04:14:23 EDT 2025 (1751962463582)
2025-08-09 16:05:57,376 [FATAL] Updater:351 - Updater called before beeing initialized
2025-08-09 16:05:57,408 [WARN] DetailPanel:346 - Failed to get advertising image, set to default
2025-08-09 16:05:57,459 [FATAL] Updater:351 - Updater called before beeing initialized
2025-08-09 16:05:57,460 [FATAL] Updater:351 - Updater called before beeing initialized
2025-08-09 16:05:57,460 [FATAL] Updater:351 - Updater called before beeing initialized
2025-08-09 16:05:57,460 [WARN] DetailPanel:346 - Failed to get advertising image, set to default
2025-08-09 16:05:57,461 [FATAL] Updater:351 - Updater called before beeing initialized
2025-08-09 16:05:57,496 [ERROR] Updater:1198 - MainUpdater not yet initialized. External WinMGr cannot be set.
2025-08-09 16:05:57,500 [INFO] Updater:1134 - Updater Version found : 6.15.0
2025-08-09 16:05:57,514 [INFO] ApplicationProperties:184 - Using Application install path: C:\ST\STM32CubeIDE_1.19.0\STM32CubeIDE\plugins\com.st.stm32cube.common.mx_6.15.0.202507011659
2025-08-09 16:05:59,086 [ERROR] LogOutputStream:75 - [STDERR_REDIRECT] Aug 09, 2025 4:05:59 PM java.util.prefs.WindowsPreferences <init>
2025-08-09 16:05:59,087 [ERROR] LogOutputStream:75 - [STDERR_REDIRECT] WARNING: Could not open/create prefs root node Software\JavaSoft\Prefs at root 0xffffffff80000002. Windows RegCreateKeyEx(...) returned error code 5.
2025-08-09 16:05:59,087 [ERROR] LogOutputStream:75 - [STDERR_REDIRECT] 
2025-08-09 16:05:59,380 [INFO] ThirdPartyUpdaterWithRetryManager:70 - Updater plugin not ready yet. [2/15]
2025-08-09 16:05:59,425 [INFO] MainUpdater:2872 - connection check result : 10
2025-08-09 16:05:59,425 [INFO] MainUpdater:3604 - Updater definition file requires update
2025-08-09 16:05:59,426 [INFO] MainUpdater:289 - Updater Check For Update Now.
2025-08-09 16:05:59,426 [INFO] MicroXplorer:498 - Change Database Version : DB.6.0.150
2025-08-09 16:05:59,434 [INFO] McuFinderGlobals:63 - Set McuFinder mode to 2 (CubeIDE integrated)
2025-08-09 16:05:59,434 [INFO] UserAuth:487 - Internet connection configuration mode: 1
2025-08-09 16:05:59,469 [INFO] ServerAccessManage:452 - Complete download http(s) 200
2025-08-09 16:05:59,470 [INFO] ServerAccessManage:509 - Download File updaters.zip
2025-08-09 16:05:59,472 [INFO] JxBrowserEngine:152 - Initiate JxBrowser Engine with user profile folder
2025-08-09 16:05:59,655 [INFO] FileExtend:248 - Unzip File : updaters.zip
2025-08-09 16:05:59,655 [INFO] FileExtend:263 - Standard Zip Deflate
2025-08-09 16:05:59,956 [INFO] ServerAccessManage:452 - Complete download http(s) 200
2025-08-09 16:05:59,957 [INFO] ServerAccessManage:509 - Download File PacksControlFlags.xml
2025-08-09 16:06:00,023 [INFO] ServerAccessManage:452 - Complete download http(s) 200
2025-08-09 16:06:00,023 [INFO] ServerAccessManage:509 - Download File cubemx.pidx
2025-08-09 16:06:00,476 [INFO] ServerAccessManage:452 - Complete download http(s) 200
2025-08-09 16:06:00,476 [INFO] ServerAccessManage:509 - Download File STMicroelectronics.X-CUBE-AI.pdsc
2025-08-09 16:06:00,977 [INFO] WebApp:169 - Instantiating new browser for Auth
2025-08-09 16:06:01,534 [INFO] WebApp:463 - Apply proxy settings
2025-08-09 16:06:01,535 [INFO] WebApp:548 - Chromium requires no authentication
2025-08-09 16:06:01,550 [INFO] WebApp:491 - Direct internet connection detected
2025-08-09 16:06:01,573 [INFO] WebApp:900 - Register for checkConnection events
2025-08-09 16:06:01,573 [INFO] WebApp:463 - Apply proxy settings
2025-08-09 16:06:01,573 [INFO] WebApp:548 - Chromium requires no authentication
2025-08-09 16:06:01,574 [INFO] WebApp:491 - Direct internet connection detected
2025-08-09 16:06:01,743 [INFO] WebApp:225 - Starting web application
2025-08-09 16:06:01,744 [INFO] WebApp:593 - Web application path used C:\ST\STM32CubeIDE_1.19.0\STM32CubeIDE\plugins\com.st.stm32cube.common.mx_6.15.0.202507011659\db\plugins\mcufinder\reactClient1\index.html
2025-08-09 16:06:01,825 [INFO] WebApp:191 - Connection restablished
2025-08-09 16:06:01,850 [INFO] UserAuth:487 - Internet connection configuration mode: 1
2025-08-09 16:06:02,380 [WARN] MainUpdater:1193 - Updater busy. Cannot search thirdparties
2025-08-09 16:06:02,380 [INFO] ThirdPartyUpdaterWithRetryManager:96 - Updater plugin is busy. [1/15]
2025-08-09 16:06:05,381 [WARN] MainUpdater:1193 - Updater busy. Cannot search thirdparties
2025-08-09 16:06:05,381 [INFO] ThirdPartyUpdaterWithRetryManager:96 - Updater plugin is busy. [2/15]
2025-08-09 16:06:05,737 [WARN] PackLoader:240 - Cannot read IP mode file for STMicroelectronics.X-CUBE-AI.10.2.0
2025-08-09 16:06:05,738 [INFO] PopulateThirdPartyThread:66 - Ending populate Thread
2025-08-09 16:06:05,739 [INFO] ThirdParty:1030 - CMSIS Pack Vendor :STMicroelectronics X-CUBE-AI 10.2.0
2025-08-09 16:06:05,739 [INFO] LoadServerUpdatesThread:375 - End of LoadServerUpdate Thread
2025-08-09 16:06:05,778 [INFO] CheckServerUpdateThread:120 - End of CheckServer Thread
2025-08-09 16:06:08,498 [WARN] PackLoader:240 - Cannot read IP mode file for STMicroelectronics.FP-SNS-MOTENVWB1.1.4.0
2025-08-09 16:06:08,501 [WARN] PackLoader:240 - Cannot read IP mode file for STMicroelectronics.FP-ATR-ASTRA1.2.0.2
2025-08-09 16:06:08,506 [WARN] PackLoader:240 - Cannot read IP mode file for STMicroelectronics.X-CUBE-SMBUS.2.1.0
2025-08-09 16:06:08,510 [WARN] PackLoader:240 - Cannot read IP mode file for STMicroelectronics.X-CUBE-ST60.1.0.0
2025-08-09 16:06:08,522 [WARN] PackLoader:240 - Cannot read IP mode file for STMicroelectronics.X-CUBE-AZRTOS-F7.1.1.0
2025-08-09 16:06:08,537 [WARN] PackLoader:240 - Cannot read IP mode file for Infineon.AIROC-Wi-Fi-Bluetooth-STM32.1.7.1
2025-08-09 16:06:08,552 [WARN] PackLoader:240 - Cannot read IP mode file for STMicroelectronics.X-CUBE-AZRTOS-H7.3.4.0
2025-08-09 16:06:08,558 [WARN] PackLoader:240 - Cannot read IP mode file for STMicroelectronics.X-CUBE-DISPLAY.3.0.0
2025-08-09 16:06:08,566 [WARN] PackLoader:240 - Cannot read IP mode file for STMicroelectronics.X-CUBE-NFC10.1.0.0
2025-08-09 16:06:08,570 [WARN] PackLoader:240 - Cannot read IP mode file for emotas.I-CUBE-CANOPEN.1.3.0
2025-08-09 16:06:08,574 [WARN] PackLoader:240 - Cannot read IP mode file for STMicroelectronics.FP-SNS-STBOX1.2.1.0
2025-08-09 16:06:08,578 [WARN] PackLoader:240 - Cannot read IP mode file for STMicroelectronics.FP-SNS-SMARTAG2.1.2.0
2025-08-09 16:06:08,582 [WARN] PackLoader:240 - Cannot read IP mode file for STMicroelectronics.FP-SNS-FLIGHT1.5.1.0
2025-08-09 16:06:08,586 [INFO] LogOutputStream:77 - [STDOUT_REDIRECT] 1 : Invalid condition id : UX_CORESTACK_Condition cause : null
2025-08-09 16:06:08,587 [INFO] LogOutputStream:77 - [STDOUT_REDIRECT] 1 : Invalid condition id : UX_CORESTACK_Condition cause : null
2025-08-09 16:06:08,588 [INFO] LogOutputStream:77 - [STDOUT_REDIRECT] 1 : Invalid condition id : UX_CORESTACK_Condition cause : null
2025-08-09 16:06:08,588 [INFO] LogOutputStream:77 - [STDOUT_REDIRECT] 1 : Invalid condition id : UX_CORESTACK_Condition cause : null
2025-08-09 16:06:08,589 [INFO] LogOutputStream:77 - [STDOUT_REDIRECT] 1 : Invalid condition id : UX_CORESTACK_Condition cause : null
2025-08-09 16:06:08,590 [WARN] PackLoader:240 - Cannot read IP mode file for STMicroelectronics.X-CUBE-AZRTOS-WL.2.0.0
2025-08-09 16:06:08,592 [WARN] PackLoader:240 - Cannot read IP mode file for STMicroelectronics.FP-SNS-MOTENV1.5.0.0
2025-08-09 16:06:08,597 [WARN] PackLoader:240 - Cannot read IP mode file for WES.I-CUBE-Cesium.1.3.0
2025-08-09 16:06:08,601 [WARN] PackLoader:240 - Cannot read IP mode file for STMicroelectronics.X-CUBE-BLE2.3.3.0
2025-08-09 16:06:08,603 [WARN] PackLoader:240 - Cannot read IP mode file for STMicroelectronics.X-CUBE-NFC9.1.0.0
2025-08-09 16:06:08,609 [WARN] PackLoader:240 - Cannot read IP mode file for wolfSSL.I-CUBE-wolfSSL.5.8.2
2025-08-09 16:06:08,612 [WARN] PackLoader:240 - Cannot read IP mode file for STMicroelectronics.X-CUBE-BLE1.7.1.0
2025-08-09 16:06:08,614 [WARN] PackLoader:240 - Cannot read IP mode file for wolfSSL.I-CUBE-wolfMQTT.1.19.2
2025-08-09 16:06:08,619 [WARN] PackLoader:240 - Cannot read IP mode file for STMicroelectronics.X-CUBE-EEPRMA1.5.2.0
2025-08-09 16:06:08,622 [WARN] PackLoader:240 - Cannot read IP mode file for STMicroelectronics.X-CUBE-AI.10.1.0
2025-08-09 16:06:08,667 [WARN] PackLoader:240 - Cannot read IP mode file for STMicroelectronics.X-CUBE-AZRTOS-G0.1.1.0
2025-08-09 16:06:08,687 [WARN] PackLoader:240 - Cannot read IP mode file for STMicroelectronics.X-CUBE-SAFEA1.1.2.2
2025-08-09 16:06:08,691 [WARN] PackLoader:240 - Cannot read IP mode file for STMicroelectronics.X-CUBE-NFC4.3.0.0
2025-08-09 16:06:08,695 [WARN] PackLoader:240 - Cannot read IP mode file for EmbeddedOffice.I-CUBE-FS-RTOS.1.0.1
2025-08-09 16:06:08,700 [WARN] PackLoader:240 - Cannot read IP mode file for STMicroelectronics.X-CUBE-WB05N.2.0.0
2025-08-09 16:06:08,703 [WARN] PackLoader:240 - Cannot read IP mode file for wolfSSL.I-CUBE-wolfTPM.3.8.0
2025-08-09 16:06:08,705 [WARN] PackLoader:240 - Cannot read IP mode file for STMicroelectronics.X-CUBE-TCPP.4.2.0
2025-08-09 16:06:08,709 [WARN] PackLoader:240 - Cannot read IP mode file for RealThread.X-CUBE-RT-Thread_Nano.4.1.1
2025-08-09 16:06:08,710 [WARN] PackLoader:240 - Cannot read IP mode file for STMicroelectronics.FP-ATR-SIGFOX1.3.2.0
2025-08-09 16:06:08,713 [WARN] PackLoader:240 - Cannot read IP mode file for ITTIA_DB.I-CUBE-ITTIADB.8.9.0
2025-08-09 16:06:08,719 [WARN] PackLoader:240 - Cannot read IP mode file for STMicroelectronics.X-CUBE-ST67W61.1.0.0
2025-08-09 16:06:08,720 [WARN] PackLoader:240 - Cannot read IP mode file for STMicroelectronics.X-CUBE-AI.10.2.0
2025-08-09 16:06:08,730 [WARN] PackLoader:240 - Cannot read IP mode file for SEGGER.I-CUBE-embOS.1.3.1
2025-08-09 16:06:08,745 [WARN] PackLoader:240 - Cannot read IP mode file for STMicroelectronics.X-CUBE-ALGOBUILD.1.4.0
2025-08-09 16:06:08,762 [WARN] PackLoader:240 - Cannot read IP mode file for STMicroelectronics.X-CUBE-MEMS1.11.3.0
2025-08-09 16:06:08,817 [WARN] PackLoader:240 - Cannot read IP mode file for STMicroelectronics.X-CUBE-PM33A1.1.0.0
2025-08-09 16:06:08,823 [WARN] PackLoader:240 - Cannot read IP mode file for STMicroelectronics.X-CUBE-AZRTOS-F4.1.1.0
2025-08-09 16:06:08,826 [WARN] PackLoader:240 - Cannot read IP mode file for Avnet-IotConnect.X-CUBE-IoTC-DA16k-PMOD.1.0.0
2025-08-09 16:06:08,828 [WARN] PackLoader:240 - Cannot read IP mode file for STMicroelectronics.X-CUBE-ISPU.2.1.0
2025-08-09 16:06:08,832 [WARN] PackLoader:240 - Cannot read IP mode file for STMicroelectronics.X-CUBE-NFC12.1.0.0
2025-08-09 16:06:08,839 [WARN] PackLoader:240 - Cannot read IP mode file for STMicroelectronics.X-CUBE-AZRTOS-L5.2.0.0
2025-08-09 16:06:08,846 [WARN] PackLoader:240 - Cannot read IP mode file for STMicroelectronics.X-CUBE-NFC6.3.1.0
2025-08-09 16:06:08,849 [WARN] PackLoader:240 - Cannot read IP mode file for STMicroelectronics.X-CUBE-FREERTOS.1.3.1
2025-08-09 16:06:08,855 [WARN] PackLoader:240 - Cannot read IP mode file for STMicroelectronics.FP-SNS-STAIOTCFT.1.0.0
2025-08-09 16:06:08,857 [WARN] PackLoader:240 - Cannot read IP mode file for STMicroelectronics.X-CUBE-DPower.1.3.0
2025-08-09 16:06:08,864 [WARN] ConditionMgr:438 - getConditionDescription Invalid condition id : LAN8742 Phy interface Condition cause : null
2025-08-09 16:06:08,865 [WARN] PackLoader:240 - Cannot read IP mode file for STMicroelectronics.X-CUBE-AZRTOS-L4.2.0.0
2025-08-09 16:06:08,865 [WARN] ConditionMgr:1044 - genDependencies : Invalid condition id : LAN8742 Phy interface Condition cause : null
2025-08-09 16:06:08,865 [WARN] ConditionMgr:1044 - genDependencies : Invalid condition id : LAN8742 Phy interface Condition cause : null
2025-08-09 16:06:08,865 [WARN] ConditionMgr:1044 - genDependencies : Invalid condition id : LAN8742 Phy interface Condition cause : null
2025-08-09 16:06:08,869 [WARN] PackLoader:240 - Cannot read IP mode file for STMicroelectronics.X-CUBE-SFXS2LP1.4.0.0
2025-08-09 16:06:08,876 [WARN] PackLoader:240 - Cannot read IP mode file for STMicroelectronics.X-CUBE-BLEMGR.4.1.0
2025-08-09 16:06:08,882 [WARN] ConditionMgr:438 - getConditionDescription Invalid condition id : UX DEVICE CLASS RTOS Condition cause : null
2025-08-09 16:06:08,882 [WARN] ConditionMgr:438 - getConditionDescription Invalid condition id : UX DEVICE CLASS RTOS Condition cause : null
2025-08-09 16:06:08,883 [WARN] PackLoader:240 - Cannot read IP mode file for STMicroelectronics.X-CUBE-AZRTOS-WB.2.0.0
2025-08-09 16:06:08,883 [WARN] ConditionMgr:1044 - genDependencies : Invalid condition id : UX DEVICE CLASS RTOS Condition cause : null
2025-08-09 16:06:08,883 [WARN] ConditionMgr:1044 - genDependencies : Invalid condition id : UX DEVICE CLASS RTOS Condition cause : null
2025-08-09 16:06:08,883 [WARN] ConditionMgr:1044 - genDependencies : Invalid condition id : UX DEVICE CLASS RTOS Condition cause : null
2025-08-09 16:06:08,883 [WARN] ConditionMgr:1044 - genDependencies : Invalid condition id : UX DEVICE CLASS RTOS Condition cause : null
2025-08-09 16:06:08,883 [WARN] ConditionMgr:1044 - genDependencies : Invalid condition id : UX DEVICE CLASS RTOS Condition cause : null
2025-08-09 16:06:08,886 [WARN] PackLoader:240 - Cannot read IP mode file for STMicroelectronics.X-CUBE-GNSS1.7.0.1
2025-08-09 16:06:08,889 [WARN] PackLoader:240 - Cannot read IP mode file for STMicroelectronics.X-CUBE-TOUCHGFX.4.25.0
2025-08-09 16:06:08,893 [WARN] ConditionMgr:438 - getConditionDescription Invalid condition id : Cortex-A Device cause : null
2025-08-09 16:06:08,899 [WARN] ConditionMgr:1044 - genDependencies : Invalid condition id : Cortex-A Device cause : null
2025-08-09 16:06:08,899 [WARN] ConditionMgr:1044 - genDependencies : Invalid condition id : Cortex-A Device cause : null
2025-08-09 16:06:08,899 [WARN] ConditionMgr:1044 - genDependencies : Invalid condition id : Cortex-A Device cause : null
2025-08-09 16:06:08,906 [WARN] PackLoader:240 - Cannot read IP mode file for STMicroelectronics.X-CUBE-SUBG2.5.0.0
2025-08-09 16:06:08,918 [WARN] PackLoader:240 - Cannot read IP mode file for STMicroelectronics.X-CUBE-AZRTOS-H7RS.1.1.0
2025-08-09 16:06:08,922 [WARN] PackLoader:240 - Cannot read IP mode file for Cesanta.I-CUBE-Mongoose.7.13.0
2025-08-09 16:06:08,928 [WARN] PackLoader:240 - Cannot read IP mode file for STMicroelectronics.X-CUBE-AZRTOS-G4.2.0.0
2025-08-09 16:06:08,933 [WARN] PackLoader:240 - Cannot read IP mode file for wolfSSL.I-CUBE-wolfSSH.1.4.20
2025-08-09 16:06:08,935 [WARN] PackLoader:240 - Cannot read IP mode file for STMicroelectronics.X-CUBE-NFC7.2.0.0
2025-08-09 16:06:08,940 [WARN] PackLoader:240 - Cannot read IP mode file for STMicroelectronics.X-CUBE-IPS.3.1.0
2025-08-09 16:06:08,943 [WARN] PackLoader:240 - Cannot read IP mode file for STMicroelectronics.X-CUBE-ALS.1.0.2
2025-08-09 16:06:08,945 [WARN] PackLoader:240 - Cannot read IP mode file for portGmbH.I-Cube-SoM-uGOAL.1.1.0
2025-08-09 16:06:08,950 [WARN] PackLoader:240 - Cannot read IP mode file for STMicroelectronics.X-CUBE-TOF1.3.4.3
2025-08-09 16:06:08,953 [INFO] ThirdParty:978 - Integrity check success = true
2025-08-09 16:06:08,953 [INFO] IntegrityCheckThread:100 - exiting critical section [integrity check]
2025-08-09 16:06:08,954 [INFO] IntegrityCheckThread:103 - End integrity checks thread
