2025-08-13 14:20:25,334 [INFO] Activator:176 - 


2025-08-13 14:20:25,337 [INFO] Activator:177 - !SESSION log4j initialized
2025-08-13 14:20:31,018 [INFO] LogOutputStream:77 - [STDOUT_REDIRECT] 
2025-08-13 14:20:42,837 [INFO] ApplicationProperties:184 - Using Application install path: C:\ST\STM32CubeIDE_1.19.0\STM32CubeIDE\plugins\com.st.stm32cube.common.mx_6.15.0.202507011659
2025-08-13 14:20:42,851 [INFO] DbMcusXml:78 - Set database path to: C:\ST\STM32CubeIDE_1.19.0\STM32CubeIDE\plugins\com.st.stm32cube.common.mx_6.15.0.202507011659\\db\/mcu/
2025-08-13 14:20:42,851 [INFO] ApiDb:274 - Set plugin database path to: C:\ST\STM32CubeIDE_1.19.0\STM32CubeIDE\plugins\com.st.stm32cube.common.mx_6.15.0.202507011659\\db\/plugins/boardmanager/
2025-08-13 14:20:42,851 [WARN] ApiDb:259 - Overriding images path with different value:  => C:\ST\STM32CubeIDE_1.19.0\STM32CubeIDE\plugins\com.st.stm32cube.common.mx_6.15.0.202507011659\\db\/plugins/mcufinder/images/
2025-08-13 14:20:42,857 [INFO] ApiDb:250 - Set database path to: C:\Users\rntsa\.stmcufinder\plugins\mcufinder//mcu/
2025-08-13 14:20:42,858 [INFO] DbMcusAds:125 - Set database path to: C:\Users\rntsa\.stmcufinder\plugins\mcufinder//mcu/
2025-08-13 14:20:42,859 [INFO] CrossReferenceDbSqlite:203 - Set database path to: C:\Users\rntsa\.stmcufinder\plugins\mcufinder//mcu/cs/
2025-08-13 14:20:42,935 [INFO] RulesReader:64 - Compatibility file has been processed (317 Rules)
2025-08-13 14:20:43,008 [INFO] DbMcusXml:78 - Set database path to: C:\ST\STM32CubeIDE_1.19.0\STM32CubeIDE\plugins\com.st.stm32cube.common.mx_6.15.0.202507011659\\db\/mcu/
2025-08-13 14:20:43,008 [INFO] ApiDb:274 - Set plugin database path to: C:\ST\STM32CubeIDE_1.19.0\STM32CubeIDE\plugins\com.st.stm32cube.common.mx_6.15.0.202507011659\\db\/plugins/boardmanager/
2025-08-13 14:20:43,009 [INFO] ApiDb:261 - Set plugin images path to: C:\ST\STM32CubeIDE_1.19.0\STM32CubeIDE\plugins\com.st.stm32cube.common.mx_6.15.0.202507011659\\db\/plugins/mcufinder/images/
2025-08-13 14:20:43,009 [WARN] DbFile:41 - Overriding database path with different value: C:\Users\rntsa\.stmcufinder\plugins\mcufinder/ => C:\Users\rntsa\.stmcufinder\plugins\mcufinder
2025-08-13 14:20:43,009 [INFO] ApiDb:250 - Set database path to: C:\Users\rntsa\.stmcufinder\plugins\mcufinder//mcu/
2025-08-13 14:20:43,009 [WARN] DbFile:41 - Overriding database path with different value: C:\Users\rntsa\.stmcufinder\plugins\mcufinder/ => C:\Users\rntsa\.stmcufinder\plugins\mcufinder
2025-08-13 14:20:43,009 [INFO] DbMcusAds:125 - Set database path to: C:\Users\rntsa\.stmcufinder\plugins\mcufinder//mcu/
2025-08-13 14:20:43,009 [WARN] DbFile:41 - Overriding database path with different value: C:\Users\rntsa\.stmcufinder\plugins\mcufinder/ => C:\Users\rntsa\.stmcufinder\plugins\mcufinder
2025-08-13 14:20:43,009 [WARN] DbFile:41 - Overriding database path with different value: C:\Users\rntsa\.stmcufinder\plugins\mcufinder/ => C:\Users\rntsa\.stmcufinder\plugins\mcufinder
2025-08-13 14:20:43,009 [INFO] CrossReferenceDbSqlite:203 - Set database path to: C:\Users\rntsa\.stmcufinder\plugins\mcufinder//mcu/cs/
2025-08-13 14:20:43,066 [INFO] MainPanel:274 - HeapMemory: 268435456
2025-08-13 14:20:43,151 [INFO] DbMcusXml:78 - Set database path to: C:\ST\STM32CubeIDE_1.19.0\STM32CubeIDE\plugins\com.st.stm32cube.common.mx_6.15.0.202507011659\\db\/mcu/
2025-08-13 14:20:43,151 [INFO] ApiDb:274 - Set plugin database path to: C:\ST\STM32CubeIDE_1.19.0\STM32CubeIDE\plugins\com.st.stm32cube.common.mx_6.15.0.202507011659\\db\/plugins/boardmanager/
2025-08-13 14:20:43,151 [INFO] ApiDb:261 - Set plugin images path to: C:\ST\STM32CubeIDE_1.19.0\STM32CubeIDE\plugins\com.st.stm32cube.common.mx_6.15.0.202507011659\\db\/plugins/mcufinder/images/
2025-08-13 14:20:43,151 [WARN] DbFile:41 - Overriding database path with different value: C:\Users\rntsa\.stmcufinder\plugins\mcufinder/ => C:\Users\rntsa\.stmcufinder\plugins\mcufinder
2025-08-13 14:20:43,151 [INFO] ApiDb:250 - Set database path to: C:\Users\rntsa\.stmcufinder\plugins\mcufinder//mcu/
2025-08-13 14:20:43,151 [WARN] DbFile:41 - Overriding database path with different value: C:\Users\rntsa\.stmcufinder\plugins\mcufinder/ => C:\Users\rntsa\.stmcufinder\plugins\mcufinder
2025-08-13 14:20:43,152 [INFO] DbMcusAds:125 - Set database path to: C:\Users\rntsa\.stmcufinder\plugins\mcufinder//mcu/
2025-08-13 14:20:43,152 [WARN] DbFile:41 - Overriding database path with different value: C:\Users\rntsa\.stmcufinder\plugins\mcufinder/ => C:\Users\rntsa\.stmcufinder\plugins\mcufinder
2025-08-13 14:20:43,152 [WARN] DbFile:41 - Overriding database path with different value: C:\Users\rntsa\.stmcufinder\plugins\mcufinder/ => C:\Users\rntsa\.stmcufinder\plugins\mcufinder
2025-08-13 14:20:43,152 [INFO] CrossReferenceDbSqlite:203 - Set database path to: C:\Users\rntsa\.stmcufinder\plugins\mcufinder//mcu/cs/
2025-08-13 14:20:43,164 [INFO] ApplicationProperties:184 - Using Application install path: C:\ST\STM32CubeIDE_1.19.0\STM32CubeIDE\plugins\com.st.stm32cube.common.mx_6.15.0.202507011659
2025-08-13 14:20:43,165 [INFO] PluginManage:196 - Search for loadable plugins [exclusion list=, ]
2025-08-13 14:20:43,166 [INFO] PluginManage:310 - Check plugin analytics
2025-08-13 14:20:43,319 [INFO] AnalyticsPlugin:253 - Accepted Software Licenses: 
2025-08-13 14:20:43,319 [INFO] AnalyticsPlugin:255 - Accepted CMSIS Pack Licenses: 
2025-08-13 14:20:43,320 [INFO] AnalyticsPlugin:257 - Accepted Firmware Licenses: 
2025-08-13 14:20:43,322 [INFO] PluginManage:359 - Loaded plugin analytics (category:tool,tabindex:-1)
2025-08-13 14:20:43,322 [INFO] PluginManage:310 - Check plugin cadmodel
2025-08-13 14:20:43,328 [INFO] CADModel:105 - Init CAD model plugin
2025-08-13 14:20:43,328 [INFO] PluginManage:359 - Loaded plugin cadmodel (category:power,tabindex:5)
2025-08-13 14:20:43,328 [INFO] PluginManage:310 - Check plugin clock
2025-08-13 14:20:43,337 [INFO] PluginManage:359 - Loaded plugin clock (category:base,tabindex:2)
2025-08-13 14:20:43,337 [INFO] PluginManage:310 - Check plugin ddr
2025-08-13 14:20:43,339 [INFO] PluginManage:359 - Loaded plugin ddr (category:tool,tabindex:6)
2025-08-13 14:20:43,339 [INFO] PluginManage:310 - Check plugin filemanager
2025-08-13 14:20:43,454 [INFO] PluginManage:359 - Loaded plugin filemanager (category:base,tabindex:10)
2025-08-13 14:20:43,454 [INFO] PluginManage:310 - Check plugin ipmanager
2025-08-13 14:20:43,458 [INFO] PluginManage:359 - Loaded plugin ipmanager (category:base,tabindex:5)
2025-08-13 14:20:43,458 [INFO] PluginManage:310 - Check plugin lpbam
2025-08-13 14:20:43,464 [INFO] PluginManage:359 - Loaded plugin lpbam (category:base,tabindex:0)
2025-08-13 14:20:43,464 [INFO] PluginManage:310 - Check plugin memorymap
2025-08-13 14:20:43,474 [INFO] PluginManage:359 - Loaded plugin memorymap (category:base,tabindex:4)
2025-08-13 14:20:43,474 [INFO] PluginManage:310 - Check plugin pinoutandconfiguration
2025-08-13 14:20:43,480 [INFO] PluginManage:359 - Loaded plugin pinoutandconfiguration (category:base,tabindex:1)
2025-08-13 14:20:43,480 [INFO] PluginManage:310 - Check plugin pinoutconfig
2025-08-13 14:20:43,552 [WARN] SupportedApi:132 - Cannot load RTOS API schema: s4s-elt-must-match.1: The content of 'definitions' must match (annotation?, (simpleType | complexType)?, (unique | key | keyref)*)). A problem was found starting at: attribute.
2025-08-13 14:20:43,641 [INFO] PluginManage:359 - Loaded plugin pinoutconfig (category:base,tabindex:0)
2025-08-13 14:20:43,641 [INFO] PluginManage:310 - Check plugin power
2025-08-13 14:20:43,647 [INFO] PluginManage:359 - Loaded plugin power (category:power,tabindex:4)
2025-08-13 14:20:43,649 [INFO] PluginManage:310 - Check plugin projectmanager
2025-08-13 14:20:43,660 [INFO] PluginManage:359 - Loaded plugin projectmanager (category:projectmanager,tabindex:4)
2025-08-13 14:20:43,661 [INFO] PluginManage:310 - Check plugin rif
2025-08-13 14:20:43,669 [INFO] PluginManage:359 - Loaded plugin rif (category:base,tabindex:3)
2025-08-13 14:20:43,669 [INFO] PluginManage:310 - Check plugin thirdparty
2025-08-13 14:20:43,776 [WARN] IntegrityCheckThread:84 - waiting for thirdparty lock release [integrity check]
2025-08-13 14:20:43,776 [INFO] IntegrityCheckThread:86 - entering critical section [integrity check]
2025-08-13 14:20:43,776 [INFO] ThirdPartyUpdaterWithRetryManager:70 - Updater plugin not ready yet. [1/15]
2025-08-13 14:20:43,776 [INFO] PluginManage:359 - Loaded plugin thirdparty (category:base,tabindex:-1)
2025-08-13 14:20:43,776 [INFO] PluginManage:310 - Check plugin tools
2025-08-13 14:20:43,780 [INFO] PluginManage:359 - Loaded plugin tools (category:base,tabindex:7)
2025-08-13 14:20:43,781 [INFO] PluginManage:310 - Check plugin tutovideos
2025-08-13 14:20:43,937 [INFO] PluginManage:359 - Loaded plugin tutovideos (category:base,tabindex:-1)
2025-08-13 14:20:43,937 [INFO] PluginManage:310 - Check plugin updater
2025-08-13 14:20:43,955 [INFO] PluginManage:359 - Loaded plugin updater (category:base,tabindex:12)
2025-08-13 14:20:43,955 [INFO] PluginManage:310 - Check plugin userauth
2025-08-13 14:20:43,958 [INFO] UserAuth:118 - Init User Auth plugin
2025-08-13 14:20:43,959 [INFO] PluginManage:359 - Loaded plugin userauth (category:base,tabindex:14)
2025-08-13 14:20:43,959 [INFO] PluginManage:283 - PluginManage : Loaded plugins [18]
2025-08-13 14:20:44,103 [INFO] PinOutPanel:1589 - setPackage(No Configuration,No Configuration)
2025-08-13 14:20:44,163 [INFO] CADModel:165 - CPN selected for project level
2025-08-13 14:20:44,164 [INFO] CADModel:114 - Register for checkConnection events
2025-08-13 14:20:44,178 [INFO] IPUIPlugin:80 - create IPUIPlugin
2025-08-13 14:20:44,179 [INFO] PluginManager:220 - loadIPPluginJar : add adc
2025-08-13 14:20:44,181 [INFO] IPUIPlugin:80 - create IPUIPlugin
2025-08-13 14:20:44,181 [INFO] PluginManager:220 - loadIPPluginJar : add aes
2025-08-13 14:20:44,183 [INFO] IPUIPlugin:80 - create IPUIPlugin
2025-08-13 14:20:44,183 [INFO] PluginManager:220 - loadIPPluginJar : add can
2025-08-13 14:20:44,184 [INFO] IPUIPlugin:80 - create IPUIPlugin
2025-08-13 14:20:44,184 [INFO] PluginManager:220 - loadIPPluginJar : add comp
2025-08-13 14:20:44,185 [INFO] IPUIPlugin:80 - create IPUIPlugin
2025-08-13 14:20:44,185 [INFO] PluginManager:220 - loadIPPluginJar : add cryp
2025-08-13 14:20:44,189 [INFO] IPUIPlugin:80 - create IPUIPlugin
2025-08-13 14:20:44,189 [INFO] PluginManager:220 - loadIPPluginJar : add ddr_ctrl_phy
2025-08-13 14:20:44,190 [INFO] IPUIPlugin:80 - create IPUIPlugin
2025-08-13 14:20:44,190 [INFO] PluginManager:220 - loadIPPluginJar : add dfsdm
2025-08-13 14:20:44,194 [INFO] IPUIPlugin:80 - create IPUIPlugin
2025-08-13 14:20:44,194 [INFO] PluginManager:220 - loadIPPluginJar : add dma
2025-08-13 14:20:44,196 [INFO] IPUIPlugin:80 - create IPUIPlugin
2025-08-13 14:20:44,196 [INFO] PluginManager:220 - loadIPPluginJar : add dma3
2025-08-13 14:20:44,198 [INFO] IPUIPlugin:80 - create IPUIPlugin
2025-08-13 14:20:44,198 [INFO] PluginManager:220 - loadIPPluginJar : add extmemmanager
2025-08-13 14:20:44,199 [INFO] IPUIPlugin:80 - create IPUIPlugin
2025-08-13 14:20:44,200 [INFO] PluginManager:220 - loadIPPluginJar : add fatfs
2025-08-13 14:20:44,202 [INFO] IPUIPlugin:80 - create IPUIPlugin
2025-08-13 14:20:44,202 [INFO] PluginManager:220 - loadIPPluginJar : add fmc
2025-08-13 14:20:44,208 [INFO] IPUIPlugin:80 - create IPUIPlugin
2025-08-13 14:20:44,208 [INFO] PluginManager:220 - loadIPPluginJar : add freertos
2025-08-13 14:20:44,209 [INFO] IPUIPlugin:80 - create IPUIPlugin
2025-08-13 14:20:44,209 [INFO] PluginManager:220 - loadIPPluginJar : add genericplugin
2025-08-13 14:20:44,211 [INFO] IPUIPlugin:80 - create IPUIPlugin
2025-08-13 14:20:44,211 [INFO] PluginManager:220 - loadIPPluginJar : add gfxmmu
2025-08-13 14:20:44,215 [INFO] IPUIPlugin:80 - create IPUIPlugin
2025-08-13 14:20:44,215 [INFO] PluginManager:220 - loadIPPluginJar : add gic
2025-08-13 14:20:44,219 [INFO] IPUIPlugin:80 - create IPUIPlugin
2025-08-13 14:20:44,219 [INFO] PluginManager:220 - loadIPPluginJar : add gpio
2025-08-13 14:20:44,221 [INFO] IPUIPlugin:80 - create IPUIPlugin
2025-08-13 14:20:44,221 [INFO] PluginManager:220 - loadIPPluginJar : add gtzc
2025-08-13 14:20:44,223 [INFO] IPUIPlugin:80 - create IPUIPlugin
2025-08-13 14:20:44,223 [INFO] PluginManager:220 - loadIPPluginJar : add hash
2025-08-13 14:20:44,225 [INFO] IPUIPlugin:80 - create IPUIPlugin
2025-08-13 14:20:44,225 [INFO] PluginManager:220 - loadIPPluginJar : add i2c
2025-08-13 14:20:44,226 [INFO] IPUIPlugin:80 - create IPUIPlugin
2025-08-13 14:20:44,227 [INFO] PluginManager:220 - loadIPPluginJar : add i2s
2025-08-13 14:20:44,229 [INFO] IPUIPlugin:80 - create IPUIPlugin
2025-08-13 14:20:44,229 [INFO] PluginManager:220 - loadIPPluginJar : add i3c
2025-08-13 14:20:44,232 [INFO] IPUIPlugin:80 - create IPUIPlugin
2025-08-13 14:20:44,232 [INFO] PluginManager:220 - loadIPPluginJar : add ipddr
2025-08-13 14:20:44,236 [INFO] IPUIPlugin:80 - create IPUIPlugin
2025-08-13 14:20:44,236 [INFO] PluginManager:220 - loadIPPluginJar : add linkedlist
2025-08-13 14:20:44,239 [INFO] IPUIPlugin:80 - create IPUIPlugin
2025-08-13 14:20:44,239 [INFO] PluginManager:220 - loadIPPluginJar : add lorawan
2025-08-13 14:20:44,240 [INFO] IPUIPlugin:80 - create IPUIPlugin
2025-08-13 14:20:44,240 [INFO] PluginManager:220 - loadIPPluginJar : add ltdc
2025-08-13 14:20:44,244 [INFO] IPUIPlugin:80 - create IPUIPlugin
2025-08-13 14:20:44,244 [INFO] PluginManager:220 - loadIPPluginJar : add mdma
2025-08-13 14:20:44,247 [INFO] IPUIPlugin:80 - create IPUIPlugin
2025-08-13 14:20:44,247 [INFO] PluginManager:220 - loadIPPluginJar : add nvic
2025-08-13 14:20:44,249 [INFO] IPUIPlugin:80 - create IPUIPlugin
2025-08-13 14:20:44,249 [INFO] PluginManager:220 - loadIPPluginJar : add opamp
2025-08-13 14:20:44,251 [INFO] IPUIPlugin:80 - create IPUIPlugin
2025-08-13 14:20:44,251 [INFO] PluginManager:220 - loadIPPluginJar : add openamp
2025-08-13 14:20:44,254 [INFO] IPUIPlugin:80 - create IPUIPlugin
2025-08-13 14:20:44,254 [INFO] PluginManager:220 - loadIPPluginJar : add pdm2pcm
2025-08-13 14:20:44,258 [INFO] IPUIPlugin:80 - create IPUIPlugin
2025-08-13 14:20:44,260 [INFO] PluginManager:220 - loadIPPluginJar : add plateformsettings
2025-08-13 14:20:44,261 [INFO] IPUIPlugin:80 - create IPUIPlugin
2025-08-13 14:20:44,261 [INFO] PluginManager:220 - loadIPPluginJar : add quadspi
2025-08-13 14:20:44,263 [INFO] IPUIPlugin:80 - create IPUIPlugin
2025-08-13 14:20:44,263 [INFO] PluginManager:220 - loadIPPluginJar : add radio
2025-08-13 14:20:44,266 [INFO] IPUIPlugin:80 - create IPUIPlugin
2025-08-13 14:20:44,266 [INFO] PluginManager:220 - loadIPPluginJar : add resmgrutility
2025-08-13 14:20:44,271 [INFO] IPUIPlugin:80 - create IPUIPlugin
2025-08-13 14:20:44,271 [INFO] PluginManager:220 - loadIPPluginJar : add sai
2025-08-13 14:20:44,274 [INFO] IPUIPlugin:80 - create IPUIPlugin
2025-08-13 14:20:44,274 [INFO] PluginManager:220 - loadIPPluginJar : add spi
2025-08-13 14:20:44,282 [INFO] IPUIPlugin:80 - create IPUIPlugin
2025-08-13 14:20:44,282 [INFO] PluginManager:220 - loadIPPluginJar : add stm32_wpan
2025-08-13 14:20:44,284 [INFO] IPUIPlugin:80 - create IPUIPlugin
2025-08-13 14:20:44,284 [INFO] PluginManager:220 - loadIPPluginJar : add tim
2025-08-13 14:20:44,286 [INFO] IPUIPlugin:80 - create IPUIPlugin
2025-08-13 14:20:44,286 [INFO] PluginManager:220 - loadIPPluginJar : add touchsensing
2025-08-13 14:20:44,288 [INFO] IPUIPlugin:80 - create IPUIPlugin
2025-08-13 14:20:44,288 [INFO] PluginManager:220 - loadIPPluginJar : add tracer_emb
2025-08-13 14:20:44,289 [INFO] IPUIPlugin:80 - create IPUIPlugin
2025-08-13 14:20:44,289 [INFO] PluginManager:220 - loadIPPluginJar : add ts
2025-08-13 14:20:44,290 [INFO] IPUIPlugin:80 - create IPUIPlugin
2025-08-13 14:20:44,291 [INFO] PluginManager:220 - loadIPPluginJar : add tsc
2025-08-13 14:20:44,292 [INFO] IPUIPlugin:80 - create IPUIPlugin
2025-08-13 14:20:44,292 [INFO] PluginManager:220 - loadIPPluginJar : add ucpd
2025-08-13 14:20:44,293 [INFO] IPUIPlugin:80 - create IPUIPlugin
2025-08-13 14:20:44,293 [INFO] PluginManager:220 - loadIPPluginJar : add usart
2025-08-13 14:20:44,296 [INFO] IPUIPlugin:80 - create IPUIPlugin
2025-08-13 14:20:44,296 [INFO] PluginManager:220 - loadIPPluginJar : add usbx
2025-08-13 14:20:44,409 [FATAL] Updater:351 - Updater called before beeing initialized
2025-08-13 14:20:44,430 [INFO] RulesReader:64 - Compatibility file has been processed (317 Rules)
2025-08-13 14:20:44,440 [INFO] RulesReader:64 - Compatibility file has been processed (317 Rules)
2025-08-13 14:20:44,450 [INFO] CADModel:165 - CPN selected for project level
2025-08-13 14:20:44,450 [INFO] CADModel:114 - Register for checkConnection events
2025-08-13 14:20:44,450 [FATAL] Updater:351 - Updater called before beeing initialized
2025-08-13 14:20:44,450 [ERROR] CADModel:125 - Updater not yet initialized, retry later 
2025-08-13 14:20:44,593 [FATAL] Updater:351 - Updater called before beeing initialized
2025-08-13 14:20:44,596 [INFO] CADModel:165 - CPN selected for project level
2025-08-13 14:20:44,596 [INFO] CADModel:114 - Register for checkConnection events
2025-08-13 14:20:44,596 [FATAL] Updater:351 - Updater called before beeing initialized
2025-08-13 14:20:44,596 [ERROR] CADModel:125 - Updater not yet initialized, retry later 
2025-08-13 14:20:44,606 [FATAL] Updater:351 - Updater called before beeing initialized
2025-08-13 14:20:44,690 [FATAL] Updater:351 - Updater called before beeing initialized
2025-08-13 14:20:44,694 [INFO] DbMcusAds:53 - JSON generation date=Tue Jul 08 04:14:23 EDT 2025 (1751962463582)
2025-08-13 14:20:44,694 [FATAL] Updater:351 - Updater called before beeing initialized
2025-08-13 14:20:44,725 [WARN] DetailPanel:346 - Failed to get advertising image, set to default
2025-08-13 14:20:44,779 [FATAL] Updater:351 - Updater called before beeing initialized
2025-08-13 14:20:44,780 [FATAL] Updater:351 - Updater called before beeing initialized
2025-08-13 14:20:44,781 [FATAL] Updater:351 - Updater called before beeing initialized
2025-08-13 14:20:44,781 [WARN] DetailPanel:346 - Failed to get advertising image, set to default
2025-08-13 14:20:44,781 [FATAL] Updater:351 - Updater called before beeing initialized
2025-08-13 14:20:44,813 [ERROR] Updater:1198 - MainUpdater not yet initialized. External WinMGr cannot be set.
2025-08-13 14:20:44,814 [INFO] Updater:1134 - Updater Version found : 6.15.0
2025-08-13 14:20:44,828 [INFO] ApplicationProperties:184 - Using Application install path: C:\ST\STM32CubeIDE_1.19.0\STM32CubeIDE\plugins\com.st.stm32cube.common.mx_6.15.0.202507011659
2025-08-13 14:20:46,394 [ERROR] LogOutputStream:75 - [STDERR_REDIRECT] Aug 13, 2025 2:20:46 PM java.util.prefs.WindowsPreferences <init>
2025-08-13 14:20:46,395 [ERROR] LogOutputStream:75 - [STDERR_REDIRECT] WARNING: Could not open/create prefs root node Software\JavaSoft\Prefs at root 0xffffffff80000002. Windows RegCreateKeyEx(...) returned error code 5.
2025-08-13 14:20:46,395 [ERROR] LogOutputStream:75 - [STDERR_REDIRECT] 
2025-08-13 14:20:46,719 [INFO] MainUpdater:2872 - connection check result : 10
2025-08-13 14:20:46,720 [INFO] MainUpdater:289 - Updater Check For Update Now.
2025-08-13 14:20:46,720 [INFO] MicroXplorer:498 - Change Database Version : DB.6.0.150
2025-08-13 14:20:46,724 [INFO] McuFinderGlobals:63 - Set McuFinder mode to 2 (CubeIDE integrated)
2025-08-13 14:20:46,725 [INFO] UserAuth:487 - Internet connection configuration mode: 1
2025-08-13 14:20:46,755 [INFO] JxBrowserEngine:152 - Initiate JxBrowser Engine with user profile folder
2025-08-13 14:20:46,778 [WARN] MainUpdater:1193 - Updater busy. Cannot search thirdparties
2025-08-13 14:20:46,778 [INFO] ThirdPartyUpdaterWithRetryManager:96 - Updater plugin is busy. [1/15]
2025-08-13 14:20:46,889 [INFO] CheckServerUpdateThread:120 - End of CheckServer Thread
2025-08-13 14:20:47,727 [INFO] WebApp:169 - Instantiating new browser for Auth
2025-08-13 14:20:48,187 [INFO] WebApp:463 - Apply proxy settings
2025-08-13 14:20:48,187 [INFO] WebApp:548 - Chromium requires no authentication
2025-08-13 14:20:48,196 [INFO] WebApp:491 - Direct internet connection detected
2025-08-13 14:20:48,212 [INFO] WebApp:900 - Register for checkConnection events
2025-08-13 14:20:48,212 [INFO] WebApp:463 - Apply proxy settings
2025-08-13 14:20:48,212 [INFO] WebApp:548 - Chromium requires no authentication
2025-08-13 14:20:48,213 [INFO] WebApp:491 - Direct internet connection detected
2025-08-13 14:20:48,328 [INFO] WebApp:225 - Starting web application
2025-08-13 14:20:48,329 [INFO] WebApp:593 - Web application path used C:\ST\STM32CubeIDE_1.19.0\STM32CubeIDE\plugins\com.st.stm32cube.common.mx_6.15.0.202507011659\db\plugins\mcufinder\reactClient1\index.html
2025-08-13 14:20:48,418 [INFO] WebApp:191 - Connection restablished
2025-08-13 14:20:48,433 [INFO] UserAuth:487 - Internet connection configuration mode: 1
2025-08-13 14:20:49,980 [WARN] PackLoader:240 - Cannot read IP mode file for STMicroelectronics.FP-SNS-MOTENVWB1.1.4.0
2025-08-13 14:20:49,987 [WARN] PackLoader:240 - Cannot read IP mode file for STMicroelectronics.FP-ATR-ASTRA1.2.0.2
2025-08-13 14:20:49,993 [WARN] PackLoader:240 - Cannot read IP mode file for STMicroelectronics.X-CUBE-SMBUS.2.1.0
2025-08-13 14:20:49,996 [WARN] PackLoader:240 - Cannot read IP mode file for STMicroelectronics.X-CUBE-ST60.1.0.0
2025-08-13 14:20:50,018 [WARN] PackLoader:240 - Cannot read IP mode file for STMicroelectronics.X-CUBE-AZRTOS-F7.1.1.0
2025-08-13 14:20:50,040 [WARN] PackLoader:240 - Cannot read IP mode file for Infineon.AIROC-Wi-Fi-Bluetooth-STM32.1.7.1
2025-08-13 14:20:50,061 [WARN] PackLoader:240 - Cannot read IP mode file for STMicroelectronics.X-CUBE-AZRTOS-H7.3.4.0
2025-08-13 14:20:50,069 [WARN] PackLoader:240 - Cannot read IP mode file for STMicroelectronics.X-CUBE-DISPLAY.3.0.0
2025-08-13 14:20:50,080 [WARN] PackLoader:240 - Cannot read IP mode file for STMicroelectronics.X-CUBE-NFC10.1.0.0
2025-08-13 14:20:50,086 [WARN] PackLoader:240 - Cannot read IP mode file for emotas.I-CUBE-CANOPEN.1.3.0
2025-08-13 14:20:50,090 [WARN] PackLoader:240 - Cannot read IP mode file for STMicroelectronics.FP-SNS-STBOX1.2.1.0
2025-08-13 14:20:50,093 [WARN] PackLoader:240 - Cannot read IP mode file for STMicroelectronics.FP-SNS-SMARTAG2.1.2.0
2025-08-13 14:20:50,097 [WARN] PackLoader:240 - Cannot read IP mode file for STMicroelectronics.FP-SNS-FLIGHT1.5.1.0
2025-08-13 14:20:50,103 [INFO] LogOutputStream:77 - [STDOUT_REDIRECT] 1 : Invalid condition id : UX_CORESTACK_Condition cause : null
2025-08-13 14:20:50,104 [INFO] LogOutputStream:77 - [STDOUT_REDIRECT] 1 : Invalid condition id : UX_CORESTACK_Condition cause : null
2025-08-13 14:20:50,105 [INFO] LogOutputStream:77 - [STDOUT_REDIRECT] 1 : Invalid condition id : UX_CORESTACK_Condition cause : null
2025-08-13 14:20:50,106 [INFO] LogOutputStream:77 - [STDOUT_REDIRECT] 1 : Invalid condition id : UX_CORESTACK_Condition cause : null
2025-08-13 14:20:50,107 [INFO] LogOutputStream:77 - [STDOUT_REDIRECT] 1 : Invalid condition id : UX_CORESTACK_Condition cause : null
2025-08-13 14:20:50,109 [WARN] PackLoader:240 - Cannot read IP mode file for STMicroelectronics.X-CUBE-AZRTOS-WL.2.0.0
2025-08-13 14:20:50,113 [WARN] PackLoader:240 - Cannot read IP mode file for STMicroelectronics.FP-SNS-MOTENV1.5.0.0
2025-08-13 14:20:50,121 [WARN] PackLoader:240 - Cannot read IP mode file for WES.I-CUBE-Cesium.1.3.0
2025-08-13 14:20:50,125 [WARN] PackLoader:240 - Cannot read IP mode file for STMicroelectronics.X-CUBE-BLE2.3.3.0
2025-08-13 14:20:50,129 [WARN] PackLoader:240 - Cannot read IP mode file for STMicroelectronics.X-CUBE-NFC9.1.0.0
2025-08-13 14:20:50,133 [WARN] PackLoader:240 - Cannot read IP mode file for wolfSSL.I-CUBE-wolfSSL.5.8.2
2025-08-13 14:20:50,136 [WARN] PackLoader:240 - Cannot read IP mode file for STMicroelectronics.X-CUBE-BLE1.7.1.0
2025-08-13 14:20:50,139 [WARN] PackLoader:240 - Cannot read IP mode file for wolfSSL.I-CUBE-wolfMQTT.1.19.2
2025-08-13 14:20:50,142 [WARN] PackLoader:240 - Cannot read IP mode file for STMicroelectronics.X-CUBE-EEPRMA1.5.2.0
2025-08-13 14:20:50,147 [WARN] PackLoader:240 - Cannot read IP mode file for STMicroelectronics.X-CUBE-AI.10.1.0
2025-08-13 14:20:50,155 [WARN] PackLoader:240 - Cannot read IP mode file for STMicroelectronics.X-CUBE-AZRTOS-G0.1.1.0
2025-08-13 14:20:50,161 [WARN] PackLoader:240 - Cannot read IP mode file for STMicroelectronics.X-CUBE-SAFEA1.1.2.2
2025-08-13 14:20:50,165 [WARN] PackLoader:240 - Cannot read IP mode file for STMicroelectronics.X-CUBE-NFC4.3.0.0
2025-08-13 14:20:50,172 [WARN] PackLoader:240 - Cannot read IP mode file for EmbeddedOffice.I-CUBE-FS-RTOS.1.0.1
2025-08-13 14:20:50,177 [WARN] PackLoader:240 - Cannot read IP mode file for STMicroelectronics.X-CUBE-WB05N.2.0.0
2025-08-13 14:20:50,180 [WARN] PackLoader:240 - Cannot read IP mode file for wolfSSL.I-CUBE-wolfTPM.3.8.0
2025-08-13 14:20:50,183 [WARN] PackLoader:240 - Cannot read IP mode file for STMicroelectronics.X-CUBE-TCPP.4.2.0
2025-08-13 14:20:50,188 [WARN] PackLoader:240 - Cannot read IP mode file for RealThread.X-CUBE-RT-Thread_Nano.4.1.1
2025-08-13 14:20:50,192 [WARN] PackLoader:240 - Cannot read IP mode file for STMicroelectronics.FP-ATR-SIGFOX1.3.2.0
2025-08-13 14:20:50,196 [WARN] PackLoader:240 - Cannot read IP mode file for ITTIA_DB.I-CUBE-ITTIADB.8.9.0
2025-08-13 14:20:50,202 [WARN] PackLoader:240 - Cannot read IP mode file for STMicroelectronics.X-CUBE-ST67W61.1.0.0
2025-08-13 14:20:50,206 [WARN] PackLoader:240 - Cannot read IP mode file for STMicroelectronics.X-CUBE-AI.10.2.0
2025-08-13 14:20:50,228 [WARN] PackLoader:240 - Cannot read IP mode file for SEGGER.I-CUBE-embOS.1.3.1
2025-08-13 14:20:50,253 [WARN] PackLoader:240 - Cannot read IP mode file for STMicroelectronics.X-CUBE-ALGOBUILD.1.4.0
2025-08-13 14:20:50,277 [WARN] PackLoader:240 - Cannot read IP mode file for STMicroelectronics.X-CUBE-MEMS1.11.3.0
2025-08-13 14:20:50,368 [WARN] PackLoader:240 - Cannot read IP mode file for STMicroelectronics.X-CUBE-PM33A1.1.0.0
2025-08-13 14:20:50,402 [WARN] PackLoader:240 - Cannot read IP mode file for STMicroelectronics.X-CUBE-AZRTOS-F4.1.1.0
2025-08-13 14:20:50,433 [WARN] PackLoader:240 - Cannot read IP mode file for Avnet-IotConnect.X-CUBE-IoTC-DA16k-PMOD.1.0.0
2025-08-13 14:20:50,436 [WARN] PackLoader:240 - Cannot read IP mode file for STMicroelectronics.X-CUBE-ISPU.2.1.0
2025-08-13 14:20:50,440 [WARN] PackLoader:240 - Cannot read IP mode file for STMicroelectronics.X-CUBE-NFC12.1.0.0
2025-08-13 14:20:50,450 [WARN] PackLoader:240 - Cannot read IP mode file for STMicroelectronics.X-CUBE-AZRTOS-L5.2.0.0
2025-08-13 14:20:50,456 [WARN] PackLoader:240 - Cannot read IP mode file for STMicroelectronics.X-CUBE-NFC6.3.1.0
2025-08-13 14:20:50,461 [WARN] PackLoader:240 - Cannot read IP mode file for STMicroelectronics.X-CUBE-FREERTOS.1.3.1
2025-08-13 14:20:50,464 [WARN] PackLoader:240 - Cannot read IP mode file for STMicroelectronics.FP-SNS-STAIOTCFT.1.0.0
2025-08-13 14:20:50,468 [WARN] PackLoader:240 - Cannot read IP mode file for STMicroelectronics.X-CUBE-DPower.1.3.0
2025-08-13 14:20:50,478 [WARN] ConditionMgr:438 - getConditionDescription Invalid condition id : LAN8742 Phy interface Condition cause : null
2025-08-13 14:20:50,478 [WARN] PackLoader:240 - Cannot read IP mode file for STMicroelectronics.X-CUBE-AZRTOS-L4.2.0.0
2025-08-13 14:20:50,479 [WARN] ConditionMgr:1044 - genDependencies : Invalid condition id : LAN8742 Phy interface Condition cause : null
2025-08-13 14:20:50,479 [WARN] ConditionMgr:1044 - genDependencies : Invalid condition id : LAN8742 Phy interface Condition cause : null
2025-08-13 14:20:50,480 [WARN] ConditionMgr:1044 - genDependencies : Invalid condition id : LAN8742 Phy interface Condition cause : null
2025-08-13 14:20:50,485 [WARN] PackLoader:240 - Cannot read IP mode file for STMicroelectronics.X-CUBE-SFXS2LP1.4.0.0
2025-08-13 14:20:50,491 [WARN] PackLoader:240 - Cannot read IP mode file for STMicroelectronics.X-CUBE-BLEMGR.4.1.0
2025-08-13 14:20:50,499 [WARN] ConditionMgr:438 - getConditionDescription Invalid condition id : UX DEVICE CLASS RTOS Condition cause : null
2025-08-13 14:20:50,499 [WARN] ConditionMgr:438 - getConditionDescription Invalid condition id : UX DEVICE CLASS RTOS Condition cause : null
2025-08-13 14:20:50,500 [WARN] PackLoader:240 - Cannot read IP mode file for STMicroelectronics.X-CUBE-AZRTOS-WB.2.0.0
2025-08-13 14:20:50,500 [WARN] ConditionMgr:1044 - genDependencies : Invalid condition id : UX DEVICE CLASS RTOS Condition cause : null
2025-08-13 14:20:50,500 [WARN] ConditionMgr:1044 - genDependencies : Invalid condition id : UX DEVICE CLASS RTOS Condition cause : null
2025-08-13 14:20:50,501 [WARN] ConditionMgr:1044 - genDependencies : Invalid condition id : UX DEVICE CLASS RTOS Condition cause : null
2025-08-13 14:20:50,501 [WARN] ConditionMgr:1044 - genDependencies : Invalid condition id : UX DEVICE CLASS RTOS Condition cause : null
2025-08-13 14:20:50,501 [WARN] ConditionMgr:1044 - genDependencies : Invalid condition id : UX DEVICE CLASS RTOS Condition cause : null
2025-08-13 14:20:50,506 [WARN] PackLoader:240 - Cannot read IP mode file for STMicroelectronics.X-CUBE-GNSS1.7.0.1
2025-08-13 14:20:50,509 [WARN] PackLoader:240 - Cannot read IP mode file for STMicroelectronics.X-CUBE-TOUCHGFX.4.25.0
2025-08-13 14:20:50,512 [WARN] ConditionMgr:438 - getConditionDescription Invalid condition id : Cortex-A Device cause : null
2025-08-13 14:20:50,522 [WARN] ConditionMgr:1044 - genDependencies : Invalid condition id : Cortex-A Device cause : null
2025-08-13 14:20:50,522 [WARN] ConditionMgr:1044 - genDependencies : Invalid condition id : Cortex-A Device cause : null
2025-08-13 14:20:50,522 [WARN] ConditionMgr:1044 - genDependencies : Invalid condition id : Cortex-A Device cause : null
2025-08-13 14:20:50,527 [WARN] PackLoader:240 - Cannot read IP mode file for STMicroelectronics.X-CUBE-SUBG2.5.0.0
2025-08-13 14:20:50,543 [WARN] PackLoader:240 - Cannot read IP mode file for STMicroelectronics.X-CUBE-AZRTOS-H7RS.1.1.0
2025-08-13 14:20:50,548 [WARN] PackLoader:240 - Cannot read IP mode file for Cesanta.I-CUBE-Mongoose.7.13.0
2025-08-13 14:20:50,556 [WARN] PackLoader:240 - Cannot read IP mode file for STMicroelectronics.X-CUBE-AZRTOS-G4.2.0.0
2025-08-13 14:20:50,560 [WARN] PackLoader:240 - Cannot read IP mode file for wolfSSL.I-CUBE-wolfSSH.1.4.20
2025-08-13 14:20:50,563 [WARN] PackLoader:240 - Cannot read IP mode file for STMicroelectronics.X-CUBE-NFC7.2.0.0
2025-08-13 14:20:50,571 [WARN] PackLoader:240 - Cannot read IP mode file for STMicroelectronics.X-CUBE-IPS.3.1.0
2025-08-13 14:20:50,578 [WARN] PackLoader:240 - Cannot read IP mode file for STMicroelectronics.X-CUBE-ALS.1.0.2
2025-08-13 14:20:50,582 [WARN] PackLoader:240 - Cannot read IP mode file for portGmbH.I-Cube-SoM-uGOAL.1.1.0
2025-08-13 14:20:50,589 [WARN] PackLoader:240 - Cannot read IP mode file for STMicroelectronics.X-CUBE-TOF1.3.4.3
2025-08-13 14:20:50,596 [INFO] ThirdParty:978 - Integrity check success = true
2025-08-13 14:20:50,596 [INFO] IntegrityCheckThread:100 - exiting critical section [integrity check]
2025-08-13 14:20:50,596 [INFO] IntegrityCheckThread:103 - End integrity checks thread
